INFO:root:using RUD credentials for streaming
INFO:root:beginning streaming
DEBUG:requests_oauthlib.oauth1_auth:Signing request <PreparedRequest [POST]> using client <Client client_key=YiYRZRnFw6BmZ62JUQuRrJJ1V, client_secret=****, resource_owner_key=132562597-zU3Z7EHp4Q3vJiXvKseL2ucVqALYldbI5B5l8IR0, resource_owner_secret=****, signature_method=HMAC-SHA1, signature_type=AUTH_HEADER, callback_uri=None, rsa_key=None, verifier=None, realm=None, encoding=utf-8, decoding=None, nonce=None, timestamp=None>
DEBUG:requests_oauthlib.oauth1_auth:Including body in call to sign: True
DEBUG:oauthlib.oauth1.rfc5849:Collected params: [('delimited', 'length'), ('oauth_nonce', '101680704747667372291590366241'), ('oauth_timestamp', '1590366241'), ('oauth_version', '1.0'), ('oauth_signature_method', 'HMAC-SHA1'), ('oauth_consumer_key', 'YiYRZRnFw6BmZ62JUQuRrJJ1V'), ('oauth_token', '132562597-zU3Z7EHp4Q3vJiXvKseL2ucVqALYldbI5B5l8IR0'), ('track', '@DanielAndrewsMP')]
DEBUG:oauthlib.oauth1.rfc5849:Normalized params: delimited=length&oauth_consumer_key=YiYRZRnFw6BmZ62JUQuRrJJ1V&oauth_nonce=101680704747667372291590366241&oauth_signature_method=HMAC-SHA1&oauth_timestamp=1590366241&oauth_token=132562597-zU3Z7EHp4Q3vJiXvKseL2ucVqALYldbI5B5l8IR0&oauth_version=1.0&track=%40DanielAndrewsMP
DEBUG:oauthlib.oauth1.rfc5849:Normalized URI: https://stream.twitter.com/1.1/statuses/filter.json
DEBUG:oauthlib.oauth1.rfc5849:Signing: signature base string: POST&https%3A%2F%2Fstream.twitter.com%2F1.1%2Fstatuses%2Ffilter.json&delimited%3Dlength%26oauth_consumer_key%3DYiYRZRnFw6BmZ62JUQuRrJJ1V%26oauth_nonce%3D101680704747667372291590366241%26oauth_signature_method%3DHMAC-SHA1%26oauth_timestamp%3D1590366241%26oauth_token%3D132562597-zU3Z7EHp4Q3vJiXvKseL2ucVqALYldbI5B5l8IR0%26oauth_version%3D1.0%26track%3D%2540DanielAndrewsMP
DEBUG:oauthlib.oauth1.rfc5849:Signature: IFq6fIjLTs+QMx+Sl+YLuhtHM4E=
DEBUG:requests_oauthlib.oauth1_auth:Updated url: https://stream.twitter.com/1.1/statuses/filter.json?delimited=length
DEBUG:requests_oauthlib.oauth1_auth:Updated headers: {'Content-Type': 'application/x-www-form-urlencoded', 'Content-Length': '24', 'Authorization': 'OAuth oauth_nonce="101680704747667372291590366241", oauth_timestamp="1590366241", oauth_version="1.0", oauth_signature_method="HMAC-SHA1", oauth_consumer_key="YiYRZRnFw6BmZ62JUQuRrJJ1V", oauth_token="132562597-zU3Z7EHp4Q3vJiXvKseL2ucVqALYldbI5B5l8IR0", oauth_signature="IFq6fIjLTs%2BQMx%2BSl%2BYLuhtHM4E%3D"'}
DEBUG:requests_oauthlib.oauth1_auth:Updated body: 'track=%40DanielAndrewsMP'
DEBUG:urllib3.connectionpool:Starting new HTTPS connection (1): stream.twitter.com:443
DEBUG:urllib3.connectionpool:https://stream.twitter.com:443 "POST /1.1/statuses/filter.json?delimited=length HTTP/1.1" 200 None
INFO:root:writing tweet to <_io.TextIOWrapper name='tweets.json' mode='a' encoding='UTF-8'>
INFO:root:writing tweet to <_io.TextIOWrapper name='tweets.json' mode='a' encoding='UTF-8'>
INFO:root:writing tweet to <_io.TextIOWrapper name='tweets.json' mode='a' encoding='UTF-8'>
INFO:root:writing tweet to <_io.TextIOWrapper name='tweets.json' mode='a' encoding='UTF-8'>
INFO:root:writing tweet to <_io.TextIOWrapper name='tweets.json' mode='a' encoding='UTF-8'>
INFO:root:using RUD credentials for streaming
INFO:root:beginning streaming
DEBUG:requests_oauthlib.oauth1_auth:Signing request <PreparedRequest [POST]> using client <Client client_key=YiYRZRnFw6BmZ62JUQuRrJJ1V, client_secret=****, resource_owner_key=132562597-zU3Z7EHp4Q3vJiXvKseL2ucVqALYldbI5B5l8IR0, resource_owner_secret=****, signature_method=HMAC-SHA1, signature_type=AUTH_HEADER, callback_uri=None, rsa_key=None, verifier=None, realm=None, encoding=utf-8, decoding=None, nonce=None, timestamp=None>
DEBUG:requests_oauthlib.oauth1_auth:Including body in call to sign: True
DEBUG:oauthlib.oauth1.rfc5849:Collected params: [('delimited', 'length'), ('oauth_nonce', '634456204842651571590366633'), ('oauth_timestamp', '1590366633'), ('oauth_version', '1.0'), ('oauth_signature_method', 'HMAC-SHA1'), ('oauth_consumer_key', 'YiYRZRnFw6BmZ62JUQuRrJJ1V'), ('oauth_token', '132562597-zU3Z7EHp4Q3vJiXvKseL2ucVqALYldbI5B5l8IR0'), ('track', '@DanielAndrewsMP')]
DEBUG:oauthlib.oauth1.rfc5849:Normalized params: delimited=length&oauth_consumer_key=YiYRZRnFw6BmZ62JUQuRrJJ1V&oauth_nonce=634456204842651571590366633&oauth_signature_method=HMAC-SHA1&oauth_timestamp=1590366633&oauth_token=132562597-zU3Z7EHp4Q3vJiXvKseL2ucVqALYldbI5B5l8IR0&oauth_version=1.0&track=%40DanielAndrewsMP
DEBUG:oauthlib.oauth1.rfc5849:Normalized URI: https://stream.twitter.com/1.1/statuses/filter.json
DEBUG:oauthlib.oauth1.rfc5849:Signing: signature base string: POST&https%3A%2F%2Fstream.twitter.com%2F1.1%2Fstatuses%2Ffilter.json&delimited%3Dlength%26oauth_consumer_key%3DYiYRZRnFw6BmZ62JUQuRrJJ1V%26oauth_nonce%3D634456204842651571590366633%26oauth_signature_method%3DHMAC-SHA1%26oauth_timestamp%3D1590366633%26oauth_token%3D132562597-zU3Z7EHp4Q3vJiXvKseL2ucVqALYldbI5B5l8IR0%26oauth_version%3D1.0%26track%3D%2540DanielAndrewsMP
DEBUG:oauthlib.oauth1.rfc5849:Signature: JaB0ZCe0T74UtdLc+Diiu0hl8M4=
DEBUG:requests_oauthlib.oauth1_auth:Updated url: https://stream.twitter.com/1.1/statuses/filter.json?delimited=length
DEBUG:requests_oauthlib.oauth1_auth:Updated headers: {'Content-Type': 'application/x-www-form-urlencoded', 'Content-Length': '24', 'Authorization': 'OAuth oauth_nonce="634456204842651571590366633", oauth_timestamp="1590366633", oauth_version="1.0", oauth_signature_method="HMAC-SHA1", oauth_consumer_key="YiYRZRnFw6BmZ62JUQuRrJJ1V", oauth_token="132562597-zU3Z7EHp4Q3vJiXvKseL2ucVqALYldbI5B5l8IR0", oauth_signature="JaB0ZCe0T74UtdLc%2BDiiu0hl8M4%3D"'}
DEBUG:requests_oauthlib.oauth1_auth:Updated body: 'track=%40DanielAndrewsMP'
DEBUG:urllib3.connectionpool:Starting new HTTPS connection (1): stream.twitter.com:443
DEBUG:urllib3.connectionpool:https://stream.twitter.com:443 "POST /1.1/statuses/filter.json?delimited=length HTTP/1.1" 200 None
INFO:root:writing tweet to <_io.TextIOWrapper name='tweets.json' mode='a' encoding='UTF-8'>
INFO:root:writing tweet to <_io.TextIOWrapper name='tweets.json' mode='a' encoding='UTF-8'>
INFO:root:writing tweet to <_io.TextIOWrapper name='tweets.json' mode='a' encoding='UTF-8'>
INFO:root:writing tweet to <_io.TextIOWrapper name='tweets.json' mode='a' encoding='UTF-8'>
INFO:root:writing tweet to <_io.TextIOWrapper name='tweets.json' mode='a' encoding='UTF-8'>
INFO:root:writing tweet to <_io.TextIOWrapper name='tweets.json' mode='a' encoding='UTF-8'>
INFO:root:writing tweet to <_io.TextIOWrapper name='tweets.json' mode='a' encoding='UTF-8'>
INFO:root:writing tweet to <_io.TextIOWrapper name='tweets.json' mode='a' encoding='UTF-8'>
INFO:root:writing tweet to <_io.TextIOWrapper name='tweets.json' mode='a' encoding='UTF-8'>
INFO:root:writing tweet to <_io.TextIOWrapper name='tweets.json' mode='a' encoding='UTF-8'>
INFO:root:writing tweet to <_io.TextIOWrapper name='tweets.json' mode='a' encoding='UTF-8'>
INFO:root:writing tweet to <_io.TextIOWrapper name='tweets.json' mode='a' encoding='UTF-8'>
INFO:root:writing tweet to <_io.TextIOWrapper name='tweets.json' mode='a' encoding='UTF-8'>
INFO:root:writing tweet to <_io.TextIOWrapper name='tweets.json' mode='a' encoding='UTF-8'>
INFO:root:writing tweet to <_io.TextIOWrapper name='tweets.json' mode='a' encoding='UTF-8'>
INFO:root:writing tweet to <_io.TextIOWrapper name='tweets.json' mode='a' encoding='UTF-8'>
INFO:root:writing tweet to <_io.TextIOWrapper name='tweets.json' mode='a' encoding='UTF-8'>
INFO:root:writing tweet to <_io.TextIOWrapper name='tweets.json' mode='a' encoding='UTF-8'>
INFO:root:writing tweet to <_io.TextIOWrapper name='tweets.json' mode='a' encoding='UTF-8'>
INFO:root:writing tweet to <_io.TextIOWrapper name='tweets.json' mode='a' encoding='UTF-8'>
INFO:root:writing tweet to <_io.TextIOWrapper name='tweets.json' mode='a' encoding='UTF-8'>
INFO:root:writing tweet to <_io.TextIOWrapper name='tweets.json' mode='a' encoding='UTF-8'>
INFO:root:writing tweet to <_io.TextIOWrapper name='tweets.json' mode='a' encoding='UTF-8'>
INFO:root:writing tweet to <_io.TextIOWrapper name='tweets.json' mode='a' encoding='UTF-8'>
INFO:root:writing tweet to <_io.TextIOWrapper name='tweets.json' mode='a' encoding='UTF-8'>
INFO:root:writing tweet to <_io.TextIOWrapper name='tweets.json' mode='a' encoding='UTF-8'>
INFO:root:writing tweet to <_io.TextIOWrapper name='tweets.json' mode='a' encoding='UTF-8'>
INFO:root:writing tweet to <_io.TextIOWrapper name='tweets.json' mode='a' encoding='UTF-8'>
INFO:root:writing tweet to <_io.TextIOWrapper name='tweets.json' mode='a' encoding='UTF-8'>
INFO:root:writing tweet to <_io.TextIOWrapper name='tweets.json' mode='a' encoding='UTF-8'>
INFO:root:writing tweet to <_io.TextIOWrapper name='tweets.json' mode='a' encoding='UTF-8'>
INFO:root:writing tweet to <_io.TextIOWrapper name='tweets.json' mode='a' encoding='UTF-8'>
INFO:root:writing tweet to <_io.TextIOWrapper name='tweets.json' mode='a' encoding='UTF-8'>
INFO:root:writing tweet to <_io.TextIOWrapper name='tweets.json' mode='a' encoding='UTF-8'>
INFO:root:writing tweet to <_io.TextIOWrapper name='tweets.json' mode='a' encoding='UTF-8'>
INFO:root:writing tweet to <_io.TextIOWrapper name='tweets.json' mode='a' encoding='UTF-8'>
INFO:root:writing tweet to <_io.TextIOWrapper name='tweets.json' mode='a' encoding='UTF-8'>
INFO:root:writing tweet to <_io.TextIOWrapper name='tweets.json' mode='a' encoding='UTF-8'>
INFO:root:writing tweet to <_io.TextIOWrapper name='tweets.json' mode='a' encoding='UTF-8'>
INFO:root:writing tweet to <_io.TextIOWrapper name='tweets.json' mode='a' encoding='UTF-8'>
INFO:root:writing tweet to <_io.TextIOWrapper name='tweets.json' mode='a' encoding='UTF-8'>
INFO:root:writing tweet to <_io.TextIOWrapper name='tweets.json' mode='a' encoding='UTF-8'>
INFO:root:writing tweet to <_io.TextIOWrapper name='tweets.json' mode='a' encoding='UTF-8'>
INFO:root:writing tweet to <_io.TextIOWrapper name='tweets.json' mode='a' encoding='UTF-8'>
INFO:root:writing tweet to <_io.TextIOWrapper name='tweets.json' mode='a' encoding='UTF-8'>
INFO:root:writing tweet to <_io.TextIOWrapper name='tweets.json' mode='a' encoding='UTF-8'>
INFO:root:writing tweet to <_io.TextIOWrapper name='tweets.json' mode='a' encoding='UTF-8'>
INFO:root:writing tweet to <_io.TextIOWrapper name='tweets.json' mode='a' encoding='UTF-8'>
INFO:root:writing tweet to <_io.TextIOWrapper name='tweets.json' mode='a' encoding='UTF-8'>
INFO:root:writing tweet to <_io.TextIOWrapper name='tweets.json' mode='a' encoding='UTF-8'>
INFO:root:writing tweet to <_io.TextIOWrapper name='tweets.json' mode='a' encoding='UTF-8'>
INFO:root:writing tweet to <_io.TextIOWrapper name='tweets.json' mode='a' encoding='UTF-8'>
INFO:root:writing tweet to <_io.TextIOWrapper name='tweets.json' mode='a' encoding='UTF-8'>
INFO:root:writing tweet to <_io.TextIOWrapper name='tweets.json' mode='a' encoding='UTF-8'>
INFO:root:writing tweet to <_io.TextIOWrapper name='tweets.json' mode='a' encoding='UTF-8'>
INFO:root:writing tweet to <_io.TextIOWrapper name='tweets.json' mode='a' encoding='UTF-8'>
INFO:root:writing tweet to <_io.TextIOWrapper name='tweets.json' mode='a' encoding='UTF-8'>
INFO:root:writing tweet to <_io.TextIOWrapper name='tweets.json' mode='a' encoding='UTF-8'>
INFO:root:writing tweet to <_io.TextIOWrapper name='tweets.json' mode='a' encoding='UTF-8'>
INFO:root:writing tweet to <_io.TextIOWrapper name='tweets.json' mode='a' encoding='UTF-8'>
INFO:root:writing tweet to <_io.TextIOWrapper name='tweets.json' mode='a' encoding='UTF-8'>
INFO:root:writing tweet to <_io.TextIOWrapper name='tweets.json' mode='a' encoding='UTF-8'>
INFO:root:writing tweet to <_io.TextIOWrapper name='tweets.json' mode='a' encoding='UTF-8'>
INFO:root:writing tweet to <_io.TextIOWrapper name='tweets.json' mode='a' encoding='UTF-8'>
INFO:root:writing tweet to <_io.TextIOWrapper name='tweets.json' mode='a' encoding='UTF-8'>
INFO:root:writing tweet to <_io.TextIOWrapper name='tweets.json' mode='a' encoding='UTF-8'>
INFO:root:writing tweet to <_io.TextIOWrapper name='tweets.json' mode='a' encoding='UTF-8'>
INFO:root:writing tweet to <_io.TextIOWrapper name='tweets.json' mode='a' encoding='UTF-8'>
INFO:root:writing tweet to <_io.TextIOWrapper name='tweets.json' mode='a' encoding='UTF-8'>
INFO:root:writing tweet to <_io.TextIOWrapper name='tweets.json' mode='a' encoding='UTF-8'>
INFO:root:writing tweet to <_io.TextIOWrapper name='tweets.json' mode='a' encoding='UTF-8'>
INFO:root:writing tweet to <_io.TextIOWrapper name='tweets.json' mode='a' encoding='UTF-8'>
INFO:root:writing tweet to <_io.TextIOWrapper name='tweets.json' mode='a' encoding='UTF-8'>
INFO:root:writing tweet to <_io.TextIOWrapper name='tweets.json' mode='a' encoding='UTF-8'>
INFO:root:writing tweet to <_io.TextIOWrapper name='tweets.json' mode='a' encoding='UTF-8'>
INFO:root:writing tweet to <_io.TextIOWrapper name='tweets.json' mode='a' encoding='UTF-8'>
INFO:root:writing tweet to <_io.TextIOWrapper name='tweets.json' mode='a' encoding='UTF-8'>
INFO:root:writing tweet to <_io.TextIOWrapper name='tweets.json' mode='a' encoding='UTF-8'>
INFO:root:writing tweet to <_io.TextIOWrapper name='tweets.json' mode='a' encoding='UTF-8'>
INFO:root:writing tweet to <_io.TextIOWrapper name='tweets.json' mode='a' encoding='UTF-8'>
INFO:root:writing tweet to <_io.TextIOWrapper name='tweets.json' mode='a' encoding='UTF-8'>
INFO:root:writing tweet to <_io.TextIOWrapper name='tweets.json' mode='a' encoding='UTF-8'>
INFO:root:writing tweet to <_io.TextIOWrapper name='tweets.json' mode='a' encoding='UTF-8'>
INFO:root:writing tweet to <_io.TextIOWrapper name='tweets.json' mode='a' encoding='UTF-8'>
INFO:root:writing tweet to <_io.TextIOWrapper name='tweets.json' mode='a' encoding='UTF-8'>
INFO:root:writing tweet to <_io.TextIOWrapper name='tweets.json' mode='a' encoding='UTF-8'>
INFO:root:writing tweet to <_io.TextIOWrapper name='tweets.json' mode='a' encoding='UTF-8'>
INFO:root:writing tweet to <_io.TextIOWrapper name='tweets.json' mode='a' encoding='UTF-8'>
INFO:root:writing tweet to <_io.TextIOWrapper name='tweets.json' mode='a' encoding='UTF-8'>
INFO:root:writing tweet to <_io.TextIOWrapper name='tweets.json' mode='a' encoding='UTF-8'>
INFO:root:writing tweet to <_io.TextIOWrapper name='tweets.json' mode='a' encoding='UTF-8'>
INFO:root:writing tweet to <_io.TextIOWrapper name='tweets.json' mode='a' encoding='UTF-8'>
INFO:root:writing tweet to <_io.TextIOWrapper name='tweets.json' mode='a' encoding='UTF-8'>
INFO:root:writing tweet to <_io.TextIOWrapper name='tweets.json' mode='a' encoding='UTF-8'>
INFO:root:writing tweet to <_io.TextIOWrapper name='tweets.json' mode='a' encoding='UTF-8'>
INFO:root:writing tweet to <_io.TextIOWrapper name='tweets.json' mode='a' encoding='UTF-8'>
INFO:root:writing tweet to <_io.TextIOWrapper name='tweets.json' mode='a' encoding='UTF-8'>
INFO:root:writing tweet to <_io.TextIOWrapper name='tweets.json' mode='a' encoding='UTF-8'>
INFO:root:writing tweet to <_io.TextIOWrapper name='tweets.json' mode='a' encoding='UTF-8'>
INFO:root:writing tweet to <_io.TextIOWrapper name='tweets.json' mode='a' encoding='UTF-8'>
INFO:root:writing tweet to <_io.TextIOWrapper name='tweets.json' mode='a' encoding='UTF-8'>
INFO:root:writing tweet to <_io.TextIOWrapper name='tweets.json' mode='a' encoding='UTF-8'>
INFO:root:writing tweet to <_io.TextIOWrapper name='tweets.json' mode='a' encoding='UTF-8'>
INFO:root:writing tweet to <_io.TextIOWrapper name='tweets.json' mode='a' encoding='UTF-8'>
INFO:root:writing tweet to <_io.TextIOWrapper name='tweets.json' mode='a' encoding='UTF-8'>
INFO:root:writing tweet to <_io.TextIOWrapper name='tweets.json' mode='a' encoding='UTF-8'>
INFO:root:writing tweet to <_io.TextIOWrapper name='tweets.json' mode='a' encoding='UTF-8'>
INFO:root:writing tweet to <_io.TextIOWrapper name='tweets.json' mode='a' encoding='UTF-8'>
INFO:root:writing tweet to <_io.TextIOWrapper name='tweets.json' mode='a' encoding='UTF-8'>
INFO:root:writing tweet to <_io.TextIOWrapper name='tweets.json' mode='a' encoding='UTF-8'>
INFO:root:writing tweet to <_io.TextIOWrapper name='tweets.json' mode='a' encoding='UTF-8'>
INFO:root:writing tweet to <_io.TextIOWrapper name='tweets.json' mode='a' encoding='UTF-8'>
INFO:root:writing tweet to <_io.TextIOWrapper name='tweets.json' mode='a' encoding='UTF-8'>
INFO:root:writing tweet to <_io.TextIOWrapper name='tweets.json' mode='a' encoding='UTF-8'>
INFO:root:writing tweet to <_io.TextIOWrapper name='tweets.json' mode='a' encoding='UTF-8'>
INFO:root:writing tweet to <_io.TextIOWrapper name='tweets.json' mode='a' encoding='UTF-8'>
INFO:root:writing tweet to <_io.TextIOWrapper name='tweets.json' mode='a' encoding='UTF-8'>
INFO:root:writing tweet to <_io.TextIOWrapper name='tweets.json' mode='a' encoding='UTF-8'>
INFO:root:writing tweet to <_io.TextIOWrapper name='tweets.json' mode='a' encoding='UTF-8'>
INFO:root:writing tweet to <_io.TextIOWrapper name='tweets.json' mode='a' encoding='UTF-8'>
INFO:root:writing tweet to <_io.TextIOWrapper name='tweets.json' mode='a' encoding='UTF-8'>
INFO:root:writing tweet to <_io.TextIOWrapper name='tweets.json' mode='a' encoding='UTF-8'>
INFO:root:writing tweet to <_io.TextIOWrapper name='tweets.json' mode='a' encoding='UTF-8'>
INFO:root:writing tweet to <_io.TextIOWrapper name='tweets.json' mode='a' encoding='UTF-8'>
INFO:root:writing tweet to <_io.TextIOWrapper name='tweets.json' mode='a' encoding='UTF-8'>
INFO:root:writing tweet to <_io.TextIOWrapper name='tweets.json' mode='a' encoding='UTF-8'>
INFO:root:writing tweet to <_io.TextIOWrapper name='tweets.json' mode='a' encoding='UTF-8'>
INFO:root:writing tweet to <_io.TextIOWrapper name='tweets.json' mode='a' encoding='UTF-8'>
INFO:root:writing tweet to <_io.TextIOWrapper name='tweets.json' mode='a' encoding='UTF-8'>
INFO:root:writing tweet to <_io.TextIOWrapper name='tweets.json' mode='a' encoding='UTF-8'>
INFO:root:writing tweet to <_io.TextIOWrapper name='tweets.json' mode='a' encoding='UTF-8'>
INFO:root:writing tweet to <_io.TextIOWrapper name='tweets.json' mode='a' encoding='UTF-8'>
INFO:root:writing tweet to <_io.TextIOWrapper name='tweets.json' mode='a' encoding='UTF-8'>
INFO:root:writing tweet to <_io.TextIOWrapper name='tweets.json' mode='a' encoding='UTF-8'>
INFO:root:writing tweet to <_io.TextIOWrapper name='tweets.json' mode='a' encoding='UTF-8'>
INFO:root:writing tweet to <_io.TextIOWrapper name='tweets.json' mode='a' encoding='UTF-8'>
INFO:root:writing tweet to <_io.TextIOWrapper name='tweets.json' mode='a' encoding='UTF-8'>
INFO:root:writing tweet to <_io.TextIOWrapper name='tweets.json' mode='a' encoding='UTF-8'>
INFO:root:writing tweet to <_io.TextIOWrapper name='tweets.json' mode='a' encoding='UTF-8'>
INFO:root:writing tweet to <_io.TextIOWrapper name='tweets.json' mode='a' encoding='UTF-8'>
INFO:root:writing tweet to <_io.TextIOWrapper name='tweets.json' mode='a' encoding='UTF-8'>
INFO:root:writing tweet to <_io.TextIOWrapper name='tweets.json' mode='a' encoding='UTF-8'>
INFO:root:writing tweet to <_io.TextIOWrapper name='tweets.json' mode='a' encoding='UTF-8'>
INFO:root:writing tweet to <_io.TextIOWrapper name='tweets.json' mode='a' encoding='UTF-8'>
INFO:root:writing tweet to <_io.TextIOWrapper name='tweets.json' mode='a' encoding='UTF-8'>
INFO:root:writing tweet to <_io.TextIOWrapper name='tweets.json' mode='a' encoding='UTF-8'>
INFO:root:writing tweet to <_io.TextIOWrapper name='tweets.json' mode='a' encoding='UTF-8'>
INFO:root:writing tweet to <_io.TextIOWrapper name='tweets.json' mode='a' encoding='UTF-8'>
INFO:root:writing tweet to <_io.TextIOWrapper name='tweets.json' mode='a' encoding='UTF-8'>
INFO:root:writing tweet to <_io.TextIOWrapper name='tweets.json' mode='a' encoding='UTF-8'>
INFO:root:writing tweet to <_io.TextIOWrapper name='tweets.json' mode='a' encoding='UTF-8'>
INFO:root:writing tweet to <_io.TextIOWrapper name='tweets.json' mode='a' encoding='UTF-8'>
INFO:root:writing tweet to <_io.TextIOWrapper name='tweets.json' mode='a' encoding='UTF-8'>
INFO:root:writing tweet to <_io.TextIOWrapper name='tweets.json' mode='a' encoding='UTF-8'>
INFO:root:writing tweet to <_io.TextIOWrapper name='tweets.json' mode='a' encoding='UTF-8'>
INFO:root:writing tweet to <_io.TextIOWrapper name='tweets.json' mode='a' encoding='UTF-8'>
INFO:root:writing tweet to <_io.TextIOWrapper name='tweets.json' mode='a' encoding='UTF-8'>
INFO:root:writing tweet to <_io.TextIOWrapper name='tweets.json' mode='a' encoding='UTF-8'>
INFO:root:writing tweet to <_io.TextIOWrapper name='tweets.json' mode='a' encoding='UTF-8'>
INFO:root:writing tweet to <_io.TextIOWrapper name='tweets.json' mode='a' encoding='UTF-8'>
INFO:root:writing tweet to <_io.TextIOWrapper name='tweets.json' mode='a' encoding='UTF-8'>
INFO:root:writing tweet to <_io.TextIOWrapper name='tweets.json' mode='a' encoding='UTF-8'>
INFO:root:writing tweet to <_io.TextIOWrapper name='tweets.json' mode='a' encoding='UTF-8'>
INFO:root:writing tweet to <_io.TextIOWrapper name='tweets.json' mode='a' encoding='UTF-8'>
INFO:root:writing tweet to <_io.TextIOWrapper name='tweets.json' mode='a' encoding='UTF-8'>
INFO:root:writing tweet to <_io.TextIOWrapper name='tweets.json' mode='a' encoding='UTF-8'>
INFO:root:writing tweet to <_io.TextIOWrapper name='tweets.json' mode='a' encoding='UTF-8'>
INFO:root:writing tweet to <_io.TextIOWrapper name='tweets.json' mode='a' encoding='UTF-8'>
INFO:root:writing tweet to <_io.TextIOWrapper name='tweets.json' mode='a' encoding='UTF-8'>
INFO:root:writing tweet to <_io.TextIOWrapper name='tweets.json' mode='a' encoding='UTF-8'>
INFO:root:writing tweet to <_io.TextIOWrapper name='tweets.json' mode='a' encoding='UTF-8'>
INFO:root:writing tweet to <_io.TextIOWrapper name='tweets.json' mode='a' encoding='UTF-8'>
INFO:root:writing tweet to <_io.TextIOWrapper name='tweets.json' mode='a' encoding='UTF-8'>
INFO:root:writing tweet to <_io.TextIOWrapper name='tweets.json' mode='a' encoding='UTF-8'>
INFO:root:writing tweet to <_io.TextIOWrapper name='tweets.json' mode='a' encoding='UTF-8'>
INFO:root:writing tweet to <_io.TextIOWrapper name='tweets.json' mode='a' encoding='UTF-8'>
INFO:root:writing tweet to <_io.TextIOWrapper name='tweets.json' mode='a' encoding='UTF-8'>
INFO:root:writing tweet to <_io.TextIOWrapper name='tweets.json' mode='a' encoding='UTF-8'>
INFO:root:writing tweet to <_io.TextIOWrapper name='tweets.json' mode='a' encoding='UTF-8'>
INFO:root:writing tweet to <_io.TextIOWrapper name='tweets.json' mode='a' encoding='UTF-8'>
INFO:root:writing tweet to <_io.TextIOWrapper name='tweets.json' mode='a' encoding='UTF-8'>
INFO:root:writing tweet to <_io.TextIOWrapper name='tweets.json' mode='a' encoding='UTF-8'>
INFO:root:writing tweet to <_io.TextIOWrapper name='tweets.json' mode='a' encoding='UTF-8'>
INFO:root:writing tweet to <_io.TextIOWrapper name='tweets.json' mode='a' encoding='UTF-8'>
INFO:root:writing tweet to <_io.TextIOWrapper name='tweets.json' mode='a' encoding='UTF-8'>
INFO:root:writing tweet to <_io.TextIOWrapper name='tweets.json' mode='a' encoding='UTF-8'>
INFO:root:writing tweet to <_io.TextIOWrapper name='tweets.json' mode='a' encoding='UTF-8'>
INFO:root:writing tweet to <_io.TextIOWrapper name='tweets.json' mode='a' encoding='UTF-8'>
INFO:root:writing tweet to <_io.TextIOWrapper name='tweets.json' mode='a' encoding='UTF-8'>
INFO:root:writing tweet to <_io.TextIOWrapper name='tweets.json' mode='a' encoding='UTF-8'>
INFO:root:writing tweet to <_io.TextIOWrapper name='tweets.json' mode='a' encoding='UTF-8'>
INFO:root:writing tweet to <_io.TextIOWrapper name='tweets.json' mode='a' encoding='UTF-8'>
INFO:root:writing tweet to <_io.TextIOWrapper name='tweets.json' mode='a' encoding='UTF-8'>
INFO:root:writing tweet to <_io.TextIOWrapper name='tweets.json' mode='a' encoding='UTF-8'>
INFO:root:writing tweet to <_io.TextIOWrapper name='tweets.json' mode='a' encoding='UTF-8'>
INFO:root:writing tweet to <_io.TextIOWrapper name='tweets.json' mode='a' encoding='UTF-8'>
INFO:root:writing tweet to <_io.TextIOWrapper name='tweets.json' mode='a' encoding='UTF-8'>
INFO:root:writing tweet to <_io.TextIOWrapper name='tweets.json' mode='a' encoding='UTF-8'>
INFO:root:writing tweet to <_io.TextIOWrapper name='tweets.json' mode='a' encoding='UTF-8'>
INFO:root:writing tweet to <_io.TextIOWrapper name='tweets.json' mode='a' encoding='UTF-8'>
INFO:root:writing tweet to <_io.TextIOWrapper name='tweets.json' mode='a' encoding='UTF-8'>
INFO:root:writing tweet to <_io.TextIOWrapper name='tweets.json' mode='a' encoding='UTF-8'>
INFO:root:writing tweet to <_io.TextIOWrapper name='tweets.json' mode='a' encoding='UTF-8'>
INFO:root:writing tweet to <_io.TextIOWrapper name='tweets.json' mode='a' encoding='UTF-8'>
INFO:root:writing tweet to <_io.TextIOWrapper name='tweets.json' mode='a' encoding='UTF-8'>
INFO:root:writing tweet to <_io.TextIOWrapper name='tweets.json' mode='a' encoding='UTF-8'>
INFO:root:writing tweet to <_io.TextIOWrapper name='tweets.json' mode='a' encoding='UTF-8'>
INFO:root:writing tweet to <_io.TextIOWrapper name='tweets.json' mode='a' encoding='UTF-8'>
INFO:root:writing tweet to <_io.TextIOWrapper name='tweets.json' mode='a' encoding='UTF-8'>
05/25/2020 01:01:34 AM using RUD credentials for streaming
05/25/2020 01:01:34 AM beginning streaming
05/25/2020 01:01:34 AM Signing request <PreparedRequest [POST]> using client <Client client_key=YiYRZRnFw6BmZ62JUQuRrJJ1V, client_secret=****, resource_owner_key=132562597-zU3Z7EHp4Q3vJiXvKseL2ucVqALYldbI5B5l8IR0, resource_owner_secret=****, signature_method=HMAC-SHA1, signature_type=AUTH_HEADER, callback_uri=None, rsa_key=None, verifier=None, realm=None, encoding=utf-8, decoding=None, nonce=None, timestamp=None>
05/25/2020 01:01:34 AM Including body in call to sign: True
05/25/2020 01:01:34 AM Collected params: [('delimited', 'length'), ('oauth_nonce', '49502056788200141601590368494'), ('oauth_timestamp', '1590368494'), ('oauth_version', '1.0'), ('oauth_signature_method', 'HMAC-SHA1'), ('oauth_consumer_key', 'YiYRZRnFw6BmZ62JUQuRrJJ1V'), ('oauth_token', '132562597-zU3Z7EHp4Q3vJiXvKseL2ucVqALYldbI5B5l8IR0'), ('track', '@DanielAndrewsMP')]
05/25/2020 01:01:34 AM Normalized params: delimited=length&oauth_consumer_key=YiYRZRnFw6BmZ62JUQuRrJJ1V&oauth_nonce=49502056788200141601590368494&oauth_signature_method=HMAC-SHA1&oauth_timestamp=1590368494&oauth_token=132562597-zU3Z7EHp4Q3vJiXvKseL2ucVqALYldbI5B5l8IR0&oauth_version=1.0&track=%40DanielAndrewsMP
05/25/2020 01:01:34 AM Normalized URI: https://stream.twitter.com/1.1/statuses/filter.json
05/25/2020 01:01:34 AM Signing: signature base string: POST&https%3A%2F%2Fstream.twitter.com%2F1.1%2Fstatuses%2Ffilter.json&delimited%3Dlength%26oauth_consumer_key%3DYiYRZRnFw6BmZ62JUQuRrJJ1V%26oauth_nonce%3D49502056788200141601590368494%26oauth_signature_method%3DHMAC-SHA1%26oauth_timestamp%3D1590368494%26oauth_token%3D132562597-zU3Z7EHp4Q3vJiXvKseL2ucVqALYldbI5B5l8IR0%26oauth_version%3D1.0%26track%3D%2540DanielAndrewsMP
05/25/2020 01:01:34 AM Signature: JgzfoOBX7We/HyD9zkwMrMuSLDY=
05/25/2020 01:01:34 AM Updated url: https://stream.twitter.com/1.1/statuses/filter.json?delimited=length
05/25/2020 01:01:34 AM Updated headers: {'Content-Type': 'application/x-www-form-urlencoded', 'Content-Length': '24', 'Authorization': 'OAuth oauth_nonce="49502056788200141601590368494", oauth_timestamp="1590368494", oauth_version="1.0", oauth_signature_method="HMAC-SHA1", oauth_consumer_key="YiYRZRnFw6BmZ62JUQuRrJJ1V", oauth_token="132562597-zU3Z7EHp4Q3vJiXvKseL2ucVqALYldbI5B5l8IR0", oauth_signature="JgzfoOBX7We%2FHyD9zkwMrMuSLDY%3D"'}
05/25/2020 01:01:34 AM Updated body: 'track=%40DanielAndrewsMP'
05/25/2020 01:01:34 AM Starting new HTTPS connection (1): stream.twitter.com:443
05/25/2020 01:01:34 AM https://stream.twitter.com:443 "POST /1.1/statuses/filter.json?delimited=length HTTP/1.1" 200 None
05/25/2020 01:01:36 AM writing tweet to <_io.TextIOWrapper name='tweets.json' mode='a' encoding='UTF-8'>
05/25/2020 01:01:50 AM writing tweet to <_io.TextIOWrapper name='tweets.json' mode='a' encoding='UTF-8'>
05/25/2020 01:01:59 AM writing tweet to <_io.TextIOWrapper name='tweets.json' mode='a' encoding='UTF-8'>
05/25/2020 01:02:00 AM writing tweet to <_io.TextIOWrapper name='tweets.json' mode='a' encoding='UTF-8'>
05/25/2020 01:02:03 AM writing tweet to <_io.TextIOWrapper name='tweets.json' mode='a' encoding='UTF-8'>
05/25/2020 01:02:13 AM writing tweet to <_io.TextIOWrapper name='tweets.json' mode='a' encoding='UTF-8'>
05/25/2020 01:02:13 AM writing tweet to <_io.TextIOWrapper name='tweets.json' mode='a' encoding='UTF-8'>
05/25/2020 01:02:18 AM writing tweet to <_io.TextIOWrapper name='tweets.json' mode='a' encoding='UTF-8'>
05/25/2020 01:02:26 AM writing tweet to <_io.TextIOWrapper name='tweets.json' mode='a' encoding='UTF-8'>
05/25/2020 01:02:29 AM writing tweet to <_io.TextIOWrapper name='tweets.json' mode='a' encoding='UTF-8'>
05/25/2020 01:02:30 AM writing tweet to <_io.TextIOWrapper name='tweets.json' mode='a' encoding='UTF-8'>
05/25/2020 01:02:55 AM writing tweet to <_io.TextIOWrapper name='tweets.json' mode='a' encoding='UTF-8'>
05/25/2020 01:02:59 AM writing tweet to <_io.TextIOWrapper name='tweets.json' mode='a' encoding='UTF-8'>
05/25/2020 01:03:16 AM writing tweet to <_io.TextIOWrapper name='tweets.json' mode='a' encoding='UTF-8'>
05/25/2020 01:03:18 AM writing tweet to <_io.TextIOWrapper name='tweets.json' mode='a' encoding='UTF-8'>
05/25/2020 01:03:41 AM writing tweet to <_io.TextIOWrapper name='tweets.json' mode='a' encoding='UTF-8'>
05/25/2020 01:03:49 AM writing tweet to <_io.TextIOWrapper name='tweets.json' mode='a' encoding='UTF-8'>
05/25/2020 01:04:07 AM writing tweet to <_io.TextIOWrapper name='tweets.json' mode='a' encoding='UTF-8'>
05/25/2020 01:04:09 AM writing tweet to <_io.TextIOWrapper name='tweets.json' mode='a' encoding='UTF-8'>
05/25/2020 01:04:11 AM writing tweet to <_io.TextIOWrapper name='tweets.json' mode='a' encoding='UTF-8'>
05/25/2020 01:04:13 AM writing tweet to <_io.TextIOWrapper name='tweets.json' mode='a' encoding='UTF-8'>
05/25/2020 01:04:51 AM writing tweet to <_io.TextIOWrapper name='tweets.json' mode='a' encoding='UTF-8'>
05/25/2020 01:05:10 AM writing tweet to <_io.TextIOWrapper name='tweets.json' mode='a' encoding='UTF-8'>
05/25/2020 01:05:13 AM writing tweet to <_io.TextIOWrapper name='tweets.json' mode='a' encoding='UTF-8'>
05/25/2020 01:05:19 AM writing tweet to <_io.TextIOWrapper name='tweets.json' mode='a' encoding='UTF-8'>
05/25/2020 01:05:31 AM writing tweet to <_io.TextIOWrapper name='tweets.json' mode='a' encoding='UTF-8'>
05/25/2020 01:05:37 AM writing tweet to <_io.TextIOWrapper name='tweets.json' mode='a' encoding='UTF-8'>
05/25/2020 01:06:05 AM writing tweet to <_io.TextIOWrapper name='tweets.json' mode='a' encoding='UTF-8'>
05/25/2020 01:06:06 AM writing tweet to <_io.TextIOWrapper name='tweets.json' mode='a' encoding='UTF-8'>
05/25/2020 01:06:10 AM writing tweet to <_io.TextIOWrapper name='tweets.json' mode='a' encoding='UTF-8'>
05/25/2020 01:06:11 AM writing tweet to <_io.TextIOWrapper name='tweets.json' mode='a' encoding='UTF-8'>
05/25/2020 01:06:22 AM writing tweet to <_io.TextIOWrapper name='tweets.json' mode='a' encoding='UTF-8'>
05/25/2020 01:06:25 AM writing tweet to <_io.TextIOWrapper name='tweets.json' mode='a' encoding='UTF-8'>
05/25/2020 01:06:30 AM writing tweet to <_io.TextIOWrapper name='tweets.json' mode='a' encoding='UTF-8'>
05/25/2020 01:06:32 AM writing tweet to <_io.TextIOWrapper name='tweets.json' mode='a' encoding='UTF-8'>
05/25/2020 01:06:49 AM writing tweet to <_io.TextIOWrapper name='tweets.json' mode='a' encoding='UTF-8'>
05/25/2020 01:06:53 AM writing tweet to <_io.TextIOWrapper name='tweets.json' mode='a' encoding='UTF-8'>
05/25/2020 01:06:58 AM writing tweet to <_io.TextIOWrapper name='tweets.json' mode='a' encoding='UTF-8'>
05/25/2020 01:07:02 AM writing tweet to <_io.TextIOWrapper name='tweets.json' mode='a' encoding='UTF-8'>
05/25/2020 01:07:03 AM writing tweet to <_io.TextIOWrapper name='tweets.json' mode='a' encoding='UTF-8'>
05/25/2020 01:07:06 AM writing tweet to <_io.TextIOWrapper name='tweets.json' mode='a' encoding='UTF-8'>
05/25/2020 01:07:07 AM writing tweet to <_io.TextIOWrapper name='tweets.json' mode='a' encoding='UTF-8'>
05/25/2020 01:07:11 AM writing tweet to <_io.TextIOWrapper name='tweets.json' mode='a' encoding='UTF-8'>
05/25/2020 01:07:14 AM writing tweet to <_io.TextIOWrapper name='tweets.json' mode='a' encoding='UTF-8'>
05/25/2020 01:07:36 AM writing tweet to <_io.TextIOWrapper name='tweets.json' mode='a' encoding='UTF-8'>
05/25/2020 01:08:05 AM writing tweet to <_io.TextIOWrapper name='tweets.json' mode='a' encoding='UTF-8'>
05/25/2020 01:08:17 AM writing tweet to <_io.TextIOWrapper name='tweets.json' mode='a' encoding='UTF-8'>
05/25/2020 01:08:18 AM writing tweet to <_io.TextIOWrapper name='tweets.json' mode='a' encoding='UTF-8'>
05/25/2020 01:08:23 AM writing tweet to <_io.TextIOWrapper name='tweets.json' mode='a' encoding='UTF-8'>
05/25/2020 01:08:25 AM writing tweet to <_io.TextIOWrapper name='tweets.json' mode='a' encoding='UTF-8'>
05/25/2020 01:08:39 AM writing tweet to <_io.TextIOWrapper name='tweets.json' mode='a' encoding='UTF-8'>
05/25/2020 01:08:40 AM writing tweet to <_io.TextIOWrapper name='tweets.json' mode='a' encoding='UTF-8'>
05/25/2020 01:09:11 AM writing tweet to <_io.TextIOWrapper name='tweets.json' mode='a' encoding='UTF-8'>
05/25/2020 01:09:17 AM writing tweet to <_io.TextIOWrapper name='tweets.json' mode='a' encoding='UTF-8'>
05/25/2020 01:09:19 AM writing tweet to <_io.TextIOWrapper name='tweets.json' mode='a' encoding='UTF-8'>
05/25/2020 01:09:34 AM writing tweet to <_io.TextIOWrapper name='tweets.json' mode='a' encoding='UTF-8'>
05/25/2020 01:09:36 AM writing tweet to <_io.TextIOWrapper name='tweets.json' mode='a' encoding='UTF-8'>
05/25/2020 01:09:38 AM writing tweet to <_io.TextIOWrapper name='tweets.json' mode='a' encoding='UTF-8'>
05/25/2020 01:09:38 AM writing tweet to <_io.TextIOWrapper name='tweets.json' mode='a' encoding='UTF-8'>
05/25/2020 01:10:19 AM writing tweet to <_io.TextIOWrapper name='tweets.json' mode='a' encoding='UTF-8'>
05/25/2020 01:10:30 AM writing tweet to <_io.TextIOWrapper name='tweets.json' mode='a' encoding='UTF-8'>
05/25/2020 01:10:40 AM writing tweet to <_io.TextIOWrapper name='tweets.json' mode='a' encoding='UTF-8'>
05/25/2020 01:10:58 AM writing tweet to <_io.TextIOWrapper name='tweets.json' mode='a' encoding='UTF-8'>
05/25/2020 01:11:09 AM writing tweet to <_io.TextIOWrapper name='tweets.json' mode='a' encoding='UTF-8'>
05/25/2020 01:11:16 AM writing tweet to <_io.TextIOWrapper name='tweets.json' mode='a' encoding='UTF-8'>
05/25/2020 01:11:37 AM writing tweet to <_io.TextIOWrapper name='tweets.json' mode='a' encoding='UTF-8'>
05/25/2020 01:11:59 AM writing tweet to <_io.TextIOWrapper name='tweets.json' mode='a' encoding='UTF-8'>
05/25/2020 01:12:12 AM writing tweet to <_io.TextIOWrapper name='tweets.json' mode='a' encoding='UTF-8'>
05/25/2020 01:12:26 AM writing tweet to <_io.TextIOWrapper name='tweets.json' mode='a' encoding='UTF-8'>
05/25/2020 01:12:29 AM writing tweet to <_io.TextIOWrapper name='tweets.json' mode='a' encoding='UTF-8'>
05/25/2020 01:12:41 AM writing tweet to <_io.TextIOWrapper name='tweets.json' mode='a' encoding='UTF-8'>
05/25/2020 01:13:01 AM writing tweet to <_io.TextIOWrapper name='tweets.json' mode='a' encoding='UTF-8'>
05/25/2020 01:13:09 AM writing tweet to <_io.TextIOWrapper name='tweets.json' mode='a' encoding='UTF-8'>
05/25/2020 01:13:18 AM writing tweet to <_io.TextIOWrapper name='tweets.json' mode='a' encoding='UTF-8'>
05/25/2020 01:13:32 AM writing tweet to <_io.TextIOWrapper name='tweets.json' mode='a' encoding='UTF-8'>
05/25/2020 01:13:32 AM writing tweet to <_io.TextIOWrapper name='tweets.json' mode='a' encoding='UTF-8'>
05/25/2020 01:13:37 AM writing tweet to <_io.TextIOWrapper name='tweets.json' mode='a' encoding='UTF-8'>
05/25/2020 01:13:40 AM writing tweet to <_io.TextIOWrapper name='tweets.json' mode='a' encoding='UTF-8'>
05/25/2020 01:13:41 AM writing tweet to <_io.TextIOWrapper name='tweets.json' mode='a' encoding='UTF-8'>
05/25/2020 01:14:11 AM writing tweet to <_io.TextIOWrapper name='tweets.json' mode='a' encoding='UTF-8'>
05/25/2020 01:14:11 AM writing tweet to <_io.TextIOWrapper name='tweets.json' mode='a' encoding='UTF-8'>
05/25/2020 01:14:55 AM writing tweet to <_io.TextIOWrapper name='tweets.json' mode='a' encoding='UTF-8'>
05/25/2020 01:15:13 AM writing tweet to <_io.TextIOWrapper name='tweets.json' mode='a' encoding='UTF-8'>
05/25/2020 01:15:15 AM writing tweet to <_io.TextIOWrapper name='tweets.json' mode='a' encoding='UTF-8'>
05/25/2020 01:15:20 AM writing tweet to <_io.TextIOWrapper name='tweets.json' mode='a' encoding='UTF-8'>
05/25/2020 01:15:22 AM writing tweet to <_io.TextIOWrapper name='tweets.json' mode='a' encoding='UTF-8'>
05/25/2020 01:15:38 AM writing tweet to <_io.TextIOWrapper name='tweets.json' mode='a' encoding='UTF-8'>
05/25/2020 01:15:49 AM writing tweet to <_io.TextIOWrapper name='tweets.json' mode='a' encoding='UTF-8'>
05/25/2020 01:15:52 AM writing tweet to <_io.TextIOWrapper name='tweets.json' mode='a' encoding='UTF-8'>
05/25/2020 01:15:52 AM writing tweet to <_io.TextIOWrapper name='tweets.json' mode='a' encoding='UTF-8'>
05/25/2020 01:16:08 AM writing tweet to <_io.TextIOWrapper name='tweets.json' mode='a' encoding='UTF-8'>
05/25/2020 01:16:12 AM writing tweet to <_io.TextIOWrapper name='tweets.json' mode='a' encoding='UTF-8'>
05/25/2020 01:16:39 AM writing tweet to <_io.TextIOWrapper name='tweets.json' mode='a' encoding='UTF-8'>
05/25/2020 01:16:55 AM writing tweet to <_io.TextIOWrapper name='tweets.json' mode='a' encoding='UTF-8'>
05/25/2020 01:17:02 AM writing tweet to <_io.TextIOWrapper name='tweets.json' mode='a' encoding='UTF-8'>
05/25/2020 01:17:04 AM writing tweet to <_io.TextIOWrapper name='tweets.json' mode='a' encoding='UTF-8'>
05/25/2020 01:17:06 AM writing tweet to <_io.TextIOWrapper name='tweets.json' mode='a' encoding='UTF-8'>
05/25/2020 01:17:08 AM writing tweet to <_io.TextIOWrapper name='tweets.json' mode='a' encoding='UTF-8'>
05/25/2020 01:17:12 AM writing tweet to <_io.TextIOWrapper name='tweets.json' mode='a' encoding='UTF-8'>
05/25/2020 01:17:15 AM writing tweet to <_io.TextIOWrapper name='tweets.json' mode='a' encoding='UTF-8'>
05/25/2020 01:17:24 AM writing tweet to <_io.TextIOWrapper name='tweets.json' mode='a' encoding='UTF-8'>
05/25/2020 01:17:31 AM writing tweet to <_io.TextIOWrapper name='tweets.json' mode='a' encoding='UTF-8'>
05/25/2020 01:17:36 AM writing tweet to <_io.TextIOWrapper name='tweets.json' mode='a' encoding='UTF-8'>
05/25/2020 01:17:54 AM writing tweet to <_io.TextIOWrapper name='tweets.json' mode='a' encoding='UTF-8'>
05/25/2020 01:17:55 AM writing tweet to <_io.TextIOWrapper name='tweets.json' mode='a' encoding='UTF-8'>
05/25/2020 01:17:56 AM writing tweet to <_io.TextIOWrapper name='tweets.json' mode='a' encoding='UTF-8'>
05/25/2020 01:17:57 AM writing tweet to <_io.TextIOWrapper name='tweets.json' mode='a' encoding='UTF-8'>
05/25/2020 01:18:02 AM writing tweet to <_io.TextIOWrapper name='tweets.json' mode='a' encoding='UTF-8'>
05/25/2020 01:18:02 AM writing tweet to <_io.TextIOWrapper name='tweets.json' mode='a' encoding='UTF-8'>
05/25/2020 01:18:07 AM writing tweet to <_io.TextIOWrapper name='tweets.json' mode='a' encoding='UTF-8'>
05/25/2020 01:18:13 AM writing tweet to <_io.TextIOWrapper name='tweets.json' mode='a' encoding='UTF-8'>
05/25/2020 01:18:13 AM writing tweet to <_io.TextIOWrapper name='tweets.json' mode='a' encoding='UTF-8'>
05/25/2020 01:18:19 AM writing tweet to <_io.TextIOWrapper name='tweets.json' mode='a' encoding='UTF-8'>
05/25/2020 01:18:30 AM writing tweet to <_io.TextIOWrapper name='tweets.json' mode='a' encoding='UTF-8'>
05/25/2020 01:18:32 AM writing tweet to <_io.TextIOWrapper name='tweets.json' mode='a' encoding='UTF-8'>
05/25/2020 01:18:33 AM writing tweet to <_io.TextIOWrapper name='tweets.json' mode='a' encoding='UTF-8'>
05/25/2020 01:18:34 AM writing tweet to <_io.TextIOWrapper name='tweets.json' mode='a' encoding='UTF-8'>
05/25/2020 01:18:38 AM writing tweet to <_io.TextIOWrapper name='tweets.json' mode='a' encoding='UTF-8'>
05/25/2020 01:18:41 AM writing tweet to <_io.TextIOWrapper name='tweets.json' mode='a' encoding='UTF-8'>
05/25/2020 01:18:48 AM writing tweet to <_io.TextIOWrapper name='tweets.json' mode='a' encoding='UTF-8'>
05/25/2020 01:18:51 AM writing tweet to <_io.TextIOWrapper name='tweets.json' mode='a' encoding='UTF-8'>
05/25/2020 01:18:57 AM writing tweet to <_io.TextIOWrapper name='tweets.json' mode='a' encoding='UTF-8'>
05/25/2020 01:19:01 AM writing tweet to <_io.TextIOWrapper name='tweets.json' mode='a' encoding='UTF-8'>
05/25/2020 01:19:04 AM writing tweet to <_io.TextIOWrapper name='tweets.json' mode='a' encoding='UTF-8'>
05/25/2020 01:19:05 AM writing tweet to <_io.TextIOWrapper name='tweets.json' mode='a' encoding='UTF-8'>
05/25/2020 01:19:07 AM writing tweet to <_io.TextIOWrapper name='tweets.json' mode='a' encoding='UTF-8'>
05/25/2020 01:19:11 AM writing tweet to <_io.TextIOWrapper name='tweets.json' mode='a' encoding='UTF-8'>
05/25/2020 01:19:17 AM writing tweet to <_io.TextIOWrapper name='tweets.json' mode='a' encoding='UTF-8'>
05/25/2020 01:19:23 AM writing tweet to <_io.TextIOWrapper name='tweets.json' mode='a' encoding='UTF-8'>
05/25/2020 01:19:26 AM writing tweet to <_io.TextIOWrapper name='tweets.json' mode='a' encoding='UTF-8'>
05/25/2020 01:19:28 AM writing tweet to <_io.TextIOWrapper name='tweets.json' mode='a' encoding='UTF-8'>
05/25/2020 01:19:28 AM writing tweet to <_io.TextIOWrapper name='tweets.json' mode='a' encoding='UTF-8'>
05/25/2020 01:19:34 AM writing tweet to <_io.TextIOWrapper name='tweets.json' mode='a' encoding='UTF-8'>
05/25/2020 01:19:35 AM writing tweet to <_io.TextIOWrapper name='tweets.json' mode='a' encoding='UTF-8'>
05/25/2020 01:19:36 AM writing tweet to <_io.TextIOWrapper name='tweets.json' mode='a' encoding='UTF-8'>
05/25/2020 01:19:38 AM writing tweet to <_io.TextIOWrapper name='tweets.json' mode='a' encoding='UTF-8'>
05/25/2020 01:19:46 AM writing tweet to <_io.TextIOWrapper name='tweets.json' mode='a' encoding='UTF-8'>
05/25/2020 01:19:46 AM writing tweet to <_io.TextIOWrapper name='tweets.json' mode='a' encoding='UTF-8'>
05/25/2020 01:19:50 AM writing tweet to <_io.TextIOWrapper name='tweets.json' mode='a' encoding='UTF-8'>
05/25/2020 01:19:50 AM writing tweet to <_io.TextIOWrapper name='tweets.json' mode='a' encoding='UTF-8'>
05/25/2020 01:19:54 AM writing tweet to <_io.TextIOWrapper name='tweets.json' mode='a' encoding='UTF-8'>
05/25/2020 01:19:54 AM writing tweet to <_io.TextIOWrapper name='tweets.json' mode='a' encoding='UTF-8'>
05/25/2020 01:19:59 AM writing tweet to <_io.TextIOWrapper name='tweets.json' mode='a' encoding='UTF-8'>
05/25/2020 01:20:04 AM writing tweet to <_io.TextIOWrapper name='tweets.json' mode='a' encoding='UTF-8'>
05/25/2020 01:20:09 AM writing tweet to <_io.TextIOWrapper name='tweets.json' mode='a' encoding='UTF-8'>
05/25/2020 01:20:29 AM writing tweet to <_io.TextIOWrapper name='tweets.json' mode='a' encoding='UTF-8'>
05/25/2020 01:20:36 AM writing tweet to <_io.TextIOWrapper name='tweets.json' mode='a' encoding='UTF-8'>
05/25/2020 01:20:48 AM writing tweet to <_io.TextIOWrapper name='tweets.json' mode='a' encoding='UTF-8'>
05/25/2020 01:20:50 AM writing tweet to <_io.TextIOWrapper name='tweets.json' mode='a' encoding='UTF-8'>
05/25/2020 01:20:50 AM writing tweet to <_io.TextIOWrapper name='tweets.json' mode='a' encoding='UTF-8'>
05/25/2020 01:21:02 AM writing tweet to <_io.TextIOWrapper name='tweets.json' mode='a' encoding='UTF-8'>
05/25/2020 01:21:04 AM writing tweet to <_io.TextIOWrapper name='tweets.json' mode='a' encoding='UTF-8'>
05/25/2020 01:21:08 AM writing tweet to <_io.TextIOWrapper name='tweets.json' mode='a' encoding='UTF-8'>
05/25/2020 01:21:13 AM writing tweet to <_io.TextIOWrapper name='tweets.json' mode='a' encoding='UTF-8'>
05/25/2020 01:21:23 AM writing tweet to <_io.TextIOWrapper name='tweets.json' mode='a' encoding='UTF-8'>
05/25/2020 01:21:30 AM writing tweet to <_io.TextIOWrapper name='tweets.json' mode='a' encoding='UTF-8'>
05/25/2020 01:21:32 AM writing tweet to <_io.TextIOWrapper name='tweets.json' mode='a' encoding='UTF-8'>
05/25/2020 01:21:34 AM writing tweet to <_io.TextIOWrapper name='tweets.json' mode='a' encoding='UTF-8'>
05/25/2020 01:21:35 AM writing tweet to <_io.TextIOWrapper name='tweets.json' mode='a' encoding='UTF-8'>
05/25/2020 01:21:37 AM writing tweet to <_io.TextIOWrapper name='tweets.json' mode='a' encoding='UTF-8'>
05/25/2020 01:21:40 AM writing tweet to <_io.TextIOWrapper name='tweets.json' mode='a' encoding='UTF-8'>
05/25/2020 01:21:44 AM writing tweet to <_io.TextIOWrapper name='tweets.json' mode='a' encoding='UTF-8'>
05/25/2020 01:21:46 AM writing tweet to <_io.TextIOWrapper name='tweets.json' mode='a' encoding='UTF-8'>
05/25/2020 01:21:47 AM writing tweet to <_io.TextIOWrapper name='tweets.json' mode='a' encoding='UTF-8'>
05/25/2020 01:21:58 AM writing tweet to <_io.TextIOWrapper name='tweets.json' mode='a' encoding='UTF-8'>
05/25/2020 01:22:12 AM writing tweet to <_io.TextIOWrapper name='tweets.json' mode='a' encoding='UTF-8'>
05/25/2020 01:22:20 AM writing tweet to <_io.TextIOWrapper name='tweets.json' mode='a' encoding='UTF-8'>
05/25/2020 01:22:30 AM writing tweet to <_io.TextIOWrapper name='tweets.json' mode='a' encoding='UTF-8'>
05/25/2020 01:22:35 AM writing tweet to <_io.TextIOWrapper name='tweets.json' mode='a' encoding='UTF-8'>
05/25/2020 01:22:39 AM writing tweet to <_io.TextIOWrapper name='tweets.json' mode='a' encoding='UTF-8'>
05/25/2020 01:22:41 AM writing tweet to <_io.TextIOWrapper name='tweets.json' mode='a' encoding='UTF-8'>
05/25/2020 01:22:56 AM writing tweet to <_io.TextIOWrapper name='tweets.json' mode='a' encoding='UTF-8'>
05/25/2020 01:23:03 AM writing tweet to <_io.TextIOWrapper name='tweets.json' mode='a' encoding='UTF-8'>
05/25/2020 01:23:07 AM writing tweet to <_io.TextIOWrapper name='tweets.json' mode='a' encoding='UTF-8'>
05/25/2020 01:23:12 AM writing tweet to <_io.TextIOWrapper name='tweets.json' mode='a' encoding='UTF-8'>
05/25/2020 01:23:12 AM writing tweet to <_io.TextIOWrapper name='tweets.json' mode='a' encoding='UTF-8'>
05/25/2020 01:23:20 AM writing tweet to <_io.TextIOWrapper name='tweets.json' mode='a' encoding='UTF-8'>
05/25/2020 01:23:28 AM writing tweet to <_io.TextIOWrapper name='tweets.json' mode='a' encoding='UTF-8'>
05/25/2020 01:23:28 AM writing tweet to <_io.TextIOWrapper name='tweets.json' mode='a' encoding='UTF-8'>
05/25/2020 01:23:38 AM writing tweet to <_io.TextIOWrapper name='tweets.json' mode='a' encoding='UTF-8'>
05/25/2020 01:23:39 AM writing tweet to <_io.TextIOWrapper name='tweets.json' mode='a' encoding='UTF-8'>
05/25/2020 01:23:45 AM writing tweet to <_io.TextIOWrapper name='tweets.json' mode='a' encoding='UTF-8'>
05/25/2020 01:24:12 AM writing tweet to <_io.TextIOWrapper name='tweets.json' mode='a' encoding='UTF-8'>
05/25/2020 01:24:17 AM writing tweet to <_io.TextIOWrapper name='tweets.json' mode='a' encoding='UTF-8'>
05/25/2020 01:24:22 AM writing tweet to <_io.TextIOWrapper name='tweets.json' mode='a' encoding='UTF-8'>
05/25/2020 01:24:36 AM writing tweet to <_io.TextIOWrapper name='tweets.json' mode='a' encoding='UTF-8'>
05/25/2020 01:24:39 AM writing tweet to <_io.TextIOWrapper name='tweets.json' mode='a' encoding='UTF-8'>
05/25/2020 01:24:40 AM writing tweet to <_io.TextIOWrapper name='tweets.json' mode='a' encoding='UTF-8'>
05/25/2020 01:24:42 AM writing tweet to <_io.TextIOWrapper name='tweets.json' mode='a' encoding='UTF-8'>
05/25/2020 01:25:01 AM writing tweet to <_io.TextIOWrapper name='tweets.json' mode='a' encoding='UTF-8'>
05/25/2020 01:25:01 AM writing tweet to <_io.TextIOWrapper name='tweets.json' mode='a' encoding='UTF-8'>
05/25/2020 01:25:08 AM writing tweet to <_io.TextIOWrapper name='tweets.json' mode='a' encoding='UTF-8'>
05/25/2020 01:25:21 AM writing tweet to <_io.TextIOWrapper name='tweets.json' mode='a' encoding='UTF-8'>
05/25/2020 01:25:27 AM writing tweet to <_io.TextIOWrapper name='tweets.json' mode='a' encoding='UTF-8'>
05/25/2020 01:25:34 AM writing tweet to <_io.TextIOWrapper name='tweets.json' mode='a' encoding='UTF-8'>
05/25/2020 01:25:40 AM writing tweet to <_io.TextIOWrapper name='tweets.json' mode='a' encoding='UTF-8'>
05/25/2020 01:25:50 AM writing tweet to <_io.TextIOWrapper name='tweets.json' mode='a' encoding='UTF-8'>
05/25/2020 01:26:02 AM writing tweet to <_io.TextIOWrapper name='tweets.json' mode='a' encoding='UTF-8'>
05/25/2020 01:26:04 AM writing tweet to <_io.TextIOWrapper name='tweets.json' mode='a' encoding='UTF-8'>
05/25/2020 01:26:05 AM writing tweet to <_io.TextIOWrapper name='tweets.json' mode='a' encoding='UTF-8'>
05/25/2020 01:26:08 AM writing tweet to <_io.TextIOWrapper name='tweets.json' mode='a' encoding='UTF-8'>
05/25/2020 01:26:14 AM writing tweet to <_io.TextIOWrapper name='tweets.json' mode='a' encoding='UTF-8'>
05/25/2020 01:26:19 AM writing tweet to <_io.TextIOWrapper name='tweets.json' mode='a' encoding='UTF-8'>
05/25/2020 01:26:22 AM writing tweet to <_io.TextIOWrapper name='tweets.json' mode='a' encoding='UTF-8'>
05/25/2020 01:26:29 AM writing tweet to <_io.TextIOWrapper name='tweets.json' mode='a' encoding='UTF-8'>
05/25/2020 01:26:30 AM writing tweet to <_io.TextIOWrapper name='tweets.json' mode='a' encoding='UTF-8'>
05/25/2020 01:27:01 AM writing tweet to <_io.TextIOWrapper name='tweets.json' mode='a' encoding='UTF-8'>
05/25/2020 01:27:07 AM writing tweet to <_io.TextIOWrapper name='tweets.json' mode='a' encoding='UTF-8'>
05/25/2020 01:27:09 AM writing tweet to <_io.TextIOWrapper name='tweets.json' mode='a' encoding='UTF-8'>
05/25/2020 01:27:22 AM writing tweet to <_io.TextIOWrapper name='tweets.json' mode='a' encoding='UTF-8'>
05/25/2020 01:27:24 AM writing tweet to <_io.TextIOWrapper name='tweets.json' mode='a' encoding='UTF-8'>
05/25/2020 01:27:40 AM writing tweet to <_io.TextIOWrapper name='tweets.json' mode='a' encoding='UTF-8'>
05/25/2020 01:28:25 AM writing tweet to <_io.TextIOWrapper name='tweets.json' mode='a' encoding='UTF-8'>
05/25/2020 01:28:48 AM writing tweet to <_io.TextIOWrapper name='tweets.json' mode='a' encoding='UTF-8'>
05/25/2020 01:28:48 AM writing tweet to <_io.TextIOWrapper name='tweets.json' mode='a' encoding='UTF-8'>
05/25/2020 01:29:06 AM writing tweet to <_io.TextIOWrapper name='tweets.json' mode='a' encoding='UTF-8'>
05/25/2020 01:29:13 AM writing tweet to <_io.TextIOWrapper name='tweets.json' mode='a' encoding='UTF-8'>
05/25/2020 01:29:32 AM writing tweet to <_io.TextIOWrapper name='tweets.json' mode='a' encoding='UTF-8'>
05/25/2020 01:29:50 AM writing tweet to <_io.TextIOWrapper name='tweets.json' mode='a' encoding='UTF-8'>
05/25/2020 01:29:53 AM writing tweet to <_io.TextIOWrapper name='tweets.json' mode='a' encoding='UTF-8'>
05/25/2020 01:29:53 AM writing tweet to <_io.TextIOWrapper name='tweets.json' mode='a' encoding='UTF-8'>
05/25/2020 01:29:54 AM writing tweet to <_io.TextIOWrapper name='tweets.json' mode='a' encoding='UTF-8'>
05/25/2020 01:30:12 AM writing tweet to <_io.TextIOWrapper name='tweets.json' mode='a' encoding='UTF-8'>
05/25/2020 01:30:13 AM writing tweet to <_io.TextIOWrapper name='tweets.json' mode='a' encoding='UTF-8'>
05/25/2020 01:30:13 AM writing tweet to <_io.TextIOWrapper name='tweets.json' mode='a' encoding='UTF-8'>
05/25/2020 01:30:17 AM writing tweet to <_io.TextIOWrapper name='tweets.json' mode='a' encoding='UTF-8'>
05/25/2020 01:30:21 AM writing tweet to <_io.TextIOWrapper name='tweets.json' mode='a' encoding='UTF-8'>
05/25/2020 01:30:25 AM writing tweet to <_io.TextIOWrapper name='tweets.json' mode='a' encoding='UTF-8'>
05/25/2020 01:30:35 AM writing tweet to <_io.TextIOWrapper name='tweets.json' mode='a' encoding='UTF-8'>
05/25/2020 01:30:38 AM writing tweet to <_io.TextIOWrapper name='tweets.json' mode='a' encoding='UTF-8'>
05/25/2020 01:30:38 AM writing tweet to <_io.TextIOWrapper name='tweets.json' mode='a' encoding='UTF-8'>
05/25/2020 01:30:41 AM writing tweet to <_io.TextIOWrapper name='tweets.json' mode='a' encoding='UTF-8'>
05/25/2020 01:30:45 AM writing tweet to <_io.TextIOWrapper name='tweets.json' mode='a' encoding='UTF-8'>
05/25/2020 01:30:51 AM writing tweet to <_io.TextIOWrapper name='tweets.json' mode='a' encoding='UTF-8'>
05/25/2020 01:31:06 AM writing tweet to <_io.TextIOWrapper name='tweets.json' mode='a' encoding='UTF-8'>
05/25/2020 01:31:06 AM writing tweet to <_io.TextIOWrapper name='tweets.json' mode='a' encoding='UTF-8'>
05/25/2020 01:31:08 AM writing tweet to <_io.TextIOWrapper name='tweets.json' mode='a' encoding='UTF-8'>
05/25/2020 01:31:09 AM writing tweet to <_io.TextIOWrapper name='tweets.json' mode='a' encoding='UTF-8'>
05/25/2020 01:31:10 AM writing tweet to <_io.TextIOWrapper name='tweets.json' mode='a' encoding='UTF-8'>
05/25/2020 01:31:18 AM writing tweet to <_io.TextIOWrapper name='tweets.json' mode='a' encoding='UTF-8'>
05/25/2020 01:31:30 AM writing tweet to <_io.TextIOWrapper name='tweets.json' mode='a' encoding='UTF-8'>
05/25/2020 01:31:44 AM writing tweet to <_io.TextIOWrapper name='tweets.json' mode='a' encoding='UTF-8'>
05/25/2020 01:31:46 AM writing tweet to <_io.TextIOWrapper name='tweets.json' mode='a' encoding='UTF-8'>
05/25/2020 01:31:49 AM writing tweet to <_io.TextIOWrapper name='tweets.json' mode='a' encoding='UTF-8'>
05/25/2020 01:31:54 AM writing tweet to <_io.TextIOWrapper name='tweets.json' mode='a' encoding='UTF-8'>
05/25/2020 01:32:05 AM writing tweet to <_io.TextIOWrapper name='tweets.json' mode='a' encoding='UTF-8'>
05/25/2020 01:32:05 AM writing tweet to <_io.TextIOWrapper name='tweets.json' mode='a' encoding='UTF-8'>
05/25/2020 01:32:06 AM writing tweet to <_io.TextIOWrapper name='tweets.json' mode='a' encoding='UTF-8'>
05/25/2020 01:32:10 AM writing tweet to <_io.TextIOWrapper name='tweets.json' mode='a' encoding='UTF-8'>
05/25/2020 01:32:10 AM writing tweet to <_io.TextIOWrapper name='tweets.json' mode='a' encoding='UTF-8'>
05/25/2020 01:32:21 AM writing tweet to <_io.TextIOWrapper name='tweets.json' mode='a' encoding='UTF-8'>
05/25/2020 01:32:23 AM writing tweet to <_io.TextIOWrapper name='tweets.json' mode='a' encoding='UTF-8'>
05/25/2020 01:32:26 AM writing tweet to <_io.TextIOWrapper name='tweets.json' mode='a' encoding='UTF-8'>
05/25/2020 01:32:38 AM writing tweet to <_io.TextIOWrapper name='tweets.json' mode='a' encoding='UTF-8'>
05/25/2020 01:32:55 AM writing tweet to <_io.TextIOWrapper name='tweets.json' mode='a' encoding='UTF-8'>
05/25/2020 01:33:00 AM writing tweet to <_io.TextIOWrapper name='tweets.json' mode='a' encoding='UTF-8'>
05/25/2020 01:33:06 AM writing tweet to <_io.TextIOWrapper name='tweets.json' mode='a' encoding='UTF-8'>
05/25/2020 01:33:16 AM writing tweet to <_io.TextIOWrapper name='tweets.json' mode='a' encoding='UTF-8'>
05/25/2020 01:33:17 AM writing tweet to <_io.TextIOWrapper name='tweets.json' mode='a' encoding='UTF-8'>
05/25/2020 01:33:32 AM writing tweet to <_io.TextIOWrapper name='tweets.json' mode='a' encoding='UTF-8'>
05/25/2020 01:33:34 AM writing tweet to <_io.TextIOWrapper name='tweets.json' mode='a' encoding='UTF-8'>
05/25/2020 01:33:34 AM writing tweet to <_io.TextIOWrapper name='tweets.json' mode='a' encoding='UTF-8'>
05/25/2020 01:33:38 AM writing tweet to <_io.TextIOWrapper name='tweets.json' mode='a' encoding='UTF-8'>
05/25/2020 01:33:51 AM writing tweet to <_io.TextIOWrapper name='tweets.json' mode='a' encoding='UTF-8'>
05/25/2020 01:33:57 AM writing tweet to <_io.TextIOWrapper name='tweets.json' mode='a' encoding='UTF-8'>
05/25/2020 01:33:58 AM writing tweet to <_io.TextIOWrapper name='tweets.json' mode='a' encoding='UTF-8'>
05/25/2020 01:34:11 AM writing tweet to <_io.TextIOWrapper name='tweets.json' mode='a' encoding='UTF-8'>
05/25/2020 01:34:13 AM writing tweet to <_io.TextIOWrapper name='tweets.json' mode='a' encoding='UTF-8'>
05/25/2020 01:34:17 AM writing tweet to <_io.TextIOWrapper name='tweets.json' mode='a' encoding='UTF-8'>
05/25/2020 01:34:28 AM writing tweet to <_io.TextIOWrapper name='tweets.json' mode='a' encoding='UTF-8'>
05/25/2020 01:34:42 AM writing tweet to <_io.TextIOWrapper name='tweets.json' mode='a' encoding='UTF-8'>
05/25/2020 01:35:03 AM writing tweet to <_io.TextIOWrapper name='tweets.json' mode='a' encoding='UTF-8'>
05/25/2020 01:35:05 AM writing tweet to <_io.TextIOWrapper name='tweets.json' mode='a' encoding='UTF-8'>
05/25/2020 01:35:06 AM writing tweet to <_io.TextIOWrapper name='tweets.json' mode='a' encoding='UTF-8'>
05/25/2020 01:35:08 AM writing tweet to <_io.TextIOWrapper name='tweets.json' mode='a' encoding='UTF-8'>
05/25/2020 01:35:31 AM writing tweet to <_io.TextIOWrapper name='tweets.json' mode='a' encoding='UTF-8'>
05/25/2020 01:35:44 AM writing tweet to <_io.TextIOWrapper name='tweets.json' mode='a' encoding='UTF-8'>
05/25/2020 01:35:49 AM writing tweet to <_io.TextIOWrapper name='tweets.json' mode='a' encoding='UTF-8'>
05/25/2020 01:35:50 AM writing tweet to <_io.TextIOWrapper name='tweets.json' mode='a' encoding='UTF-8'>
05/25/2020 01:35:59 AM writing tweet to <_io.TextIOWrapper name='tweets.json' mode='a' encoding='UTF-8'>
05/25/2020 01:35:59 AM writing tweet to <_io.TextIOWrapper name='tweets.json' mode='a' encoding='UTF-8'>
05/25/2020 01:36:10 AM writing tweet to <_io.TextIOWrapper name='tweets.json' mode='a' encoding='UTF-8'>
05/25/2020 01:36:24 AM writing tweet to <_io.TextIOWrapper name='tweets.json' mode='a' encoding='UTF-8'>
05/25/2020 01:36:31 AM writing tweet to <_io.TextIOWrapper name='tweets.json' mode='a' encoding='UTF-8'>
05/25/2020 01:36:33 AM writing tweet to <_io.TextIOWrapper name='tweets.json' mode='a' encoding='UTF-8'>
05/25/2020 01:36:34 AM writing tweet to <_io.TextIOWrapper name='tweets.json' mode='a' encoding='UTF-8'>
05/25/2020 01:36:38 AM writing tweet to <_io.TextIOWrapper name='tweets.json' mode='a' encoding='UTF-8'>
05/25/2020 01:36:39 AM writing tweet to <_io.TextIOWrapper name='tweets.json' mode='a' encoding='UTF-8'>
05/25/2020 01:36:53 AM writing tweet to <_io.TextIOWrapper name='tweets.json' mode='a' encoding='UTF-8'>
05/25/2020 01:36:57 AM writing tweet to <_io.TextIOWrapper name='tweets.json' mode='a' encoding='UTF-8'>
05/25/2020 01:37:26 AM writing tweet to <_io.TextIOWrapper name='tweets.json' mode='a' encoding='UTF-8'>
05/25/2020 01:37:39 AM writing tweet to <_io.TextIOWrapper name='tweets.json' mode='a' encoding='UTF-8'>
05/25/2020 01:37:50 AM writing tweet to <_io.TextIOWrapper name='tweets.json' mode='a' encoding='UTF-8'>
05/25/2020 01:37:53 AM writing tweet to <_io.TextIOWrapper name='tweets.json' mode='a' encoding='UTF-8'>
05/25/2020 01:37:55 AM writing tweet to <_io.TextIOWrapper name='tweets.json' mode='a' encoding='UTF-8'>
05/25/2020 01:37:56 AM writing tweet to <_io.TextIOWrapper name='tweets.json' mode='a' encoding='UTF-8'>
05/25/2020 01:38:12 AM writing tweet to <_io.TextIOWrapper name='tweets.json' mode='a' encoding='UTF-8'>
05/25/2020 01:38:12 AM writing tweet to <_io.TextIOWrapper name='tweets.json' mode='a' encoding='UTF-8'>
05/25/2020 01:38:15 AM writing tweet to <_io.TextIOWrapper name='tweets.json' mode='a' encoding='UTF-8'>
05/25/2020 01:38:18 AM writing tweet to <_io.TextIOWrapper name='tweets.json' mode='a' encoding='UTF-8'>
05/25/2020 01:38:19 AM writing tweet to <_io.TextIOWrapper name='tweets.json' mode='a' encoding='UTF-8'>
05/25/2020 01:38:23 AM writing tweet to <_io.TextIOWrapper name='tweets.json' mode='a' encoding='UTF-8'>
05/25/2020 01:38:25 AM writing tweet to <_io.TextIOWrapper name='tweets.json' mode='a' encoding='UTF-8'>
05/25/2020 01:38:30 AM writing tweet to <_io.TextIOWrapper name='tweets.json' mode='a' encoding='UTF-8'>
05/25/2020 01:38:41 AM writing tweet to <_io.TextIOWrapper name='tweets.json' mode='a' encoding='UTF-8'>
05/25/2020 01:38:47 AM writing tweet to <_io.TextIOWrapper name='tweets.json' mode='a' encoding='UTF-8'>
05/25/2020 01:38:59 AM writing tweet to <_io.TextIOWrapper name='tweets.json' mode='a' encoding='UTF-8'>
05/25/2020 01:39:00 AM writing tweet to <_io.TextIOWrapper name='tweets.json' mode='a' encoding='UTF-8'>
05/25/2020 01:39:17 AM writing tweet to <_io.TextIOWrapper name='tweets.json' mode='a' encoding='UTF-8'>
05/25/2020 01:39:24 AM writing tweet to <_io.TextIOWrapper name='tweets.json' mode='a' encoding='UTF-8'>
05/25/2020 01:39:25 AM writing tweet to <_io.TextIOWrapper name='tweets.json' mode='a' encoding='UTF-8'>
05/25/2020 01:39:31 AM writing tweet to <_io.TextIOWrapper name='tweets.json' mode='a' encoding='UTF-8'>
05/25/2020 01:39:38 AM writing tweet to <_io.TextIOWrapper name='tweets.json' mode='a' encoding='UTF-8'>
05/25/2020 01:39:41 AM writing tweet to <_io.TextIOWrapper name='tweets.json' mode='a' encoding='UTF-8'>
05/25/2020 01:39:48 AM writing tweet to <_io.TextIOWrapper name='tweets.json' mode='a' encoding='UTF-8'>
05/25/2020 01:39:58 AM writing tweet to <_io.TextIOWrapper name='tweets.json' mode='a' encoding='UTF-8'>
05/25/2020 01:40:00 AM writing tweet to <_io.TextIOWrapper name='tweets.json' mode='a' encoding='UTF-8'>
05/25/2020 01:40:01 AM writing tweet to <_io.TextIOWrapper name='tweets.json' mode='a' encoding='UTF-8'>
05/25/2020 01:40:01 AM writing tweet to <_io.TextIOWrapper name='tweets.json' mode='a' encoding='UTF-8'>
05/25/2020 01:40:01 AM writing tweet to <_io.TextIOWrapper name='tweets.json' mode='a' encoding='UTF-8'>
05/25/2020 01:40:01 AM writing tweet to <_io.TextIOWrapper name='tweets.json' mode='a' encoding='UTF-8'>
05/25/2020 01:40:05 AM writing tweet to <_io.TextIOWrapper name='tweets.json' mode='a' encoding='UTF-8'>
05/25/2020 01:40:17 AM writing tweet to <_io.TextIOWrapper name='tweets.json' mode='a' encoding='UTF-8'>
05/25/2020 01:40:28 AM writing tweet to <_io.TextIOWrapper name='tweets.json' mode='a' encoding='UTF-8'>
05/25/2020 01:40:28 AM writing tweet to <_io.TextIOWrapper name='tweets.json' mode='a' encoding='UTF-8'>
05/25/2020 01:40:51 AM writing tweet to <_io.TextIOWrapper name='tweets.json' mode='a' encoding='UTF-8'>
05/25/2020 01:40:52 AM writing tweet to <_io.TextIOWrapper name='tweets.json' mode='a' encoding='UTF-8'>
05/25/2020 01:41:05 AM writing tweet to <_io.TextIOWrapper name='tweets.json' mode='a' encoding='UTF-8'>
05/25/2020 01:41:07 AM writing tweet to <_io.TextIOWrapper name='tweets.json' mode='a' encoding='UTF-8'>
05/25/2020 01:41:17 AM writing tweet to <_io.TextIOWrapper name='tweets.json' mode='a' encoding='UTF-8'>
05/25/2020 01:41:25 AM writing tweet to <_io.TextIOWrapper name='tweets.json' mode='a' encoding='UTF-8'>
05/25/2020 01:41:27 AM writing tweet to <_io.TextIOWrapper name='tweets.json' mode='a' encoding='UTF-8'>
05/25/2020 01:41:31 AM writing tweet to <_io.TextIOWrapper name='tweets.json' mode='a' encoding='UTF-8'>
05/25/2020 01:41:34 AM writing tweet to <_io.TextIOWrapper name='tweets.json' mode='a' encoding='UTF-8'>
05/25/2020 01:41:39 AM writing tweet to <_io.TextIOWrapper name='tweets.json' mode='a' encoding='UTF-8'>
05/25/2020 01:42:05 AM writing tweet to <_io.TextIOWrapper name='tweets.json' mode='a' encoding='UTF-8'>
05/25/2020 01:42:07 AM writing tweet to <_io.TextIOWrapper name='tweets.json' mode='a' encoding='UTF-8'>
05/25/2020 01:42:18 AM writing tweet to <_io.TextIOWrapper name='tweets.json' mode='a' encoding='UTF-8'>
05/25/2020 01:42:19 AM writing tweet to <_io.TextIOWrapper name='tweets.json' mode='a' encoding='UTF-8'>
05/25/2020 01:42:24 AM writing tweet to <_io.TextIOWrapper name='tweets.json' mode='a' encoding='UTF-8'>
05/25/2020 01:42:29 AM writing tweet to <_io.TextIOWrapper name='tweets.json' mode='a' encoding='UTF-8'>
05/25/2020 01:42:36 AM writing tweet to <_io.TextIOWrapper name='tweets.json' mode='a' encoding='UTF-8'>
05/25/2020 01:42:41 AM writing tweet to <_io.TextIOWrapper name='tweets.json' mode='a' encoding='UTF-8'>
05/25/2020 01:42:58 AM writing tweet to <_io.TextIOWrapper name='tweets.json' mode='a' encoding='UTF-8'>
05/25/2020 01:42:59 AM writing tweet to <_io.TextIOWrapper name='tweets.json' mode='a' encoding='UTF-8'>
05/25/2020 01:43:00 AM writing tweet to <_io.TextIOWrapper name='tweets.json' mode='a' encoding='UTF-8'>
05/25/2020 01:43:15 AM writing tweet to <_io.TextIOWrapper name='tweets.json' mode='a' encoding='UTF-8'>
05/25/2020 01:43:15 AM writing tweet to <_io.TextIOWrapper name='tweets.json' mode='a' encoding='UTF-8'>
05/25/2020 01:43:26 AM writing tweet to <_io.TextIOWrapper name='tweets.json' mode='a' encoding='UTF-8'>
05/25/2020 01:43:33 AM writing tweet to <_io.TextIOWrapper name='tweets.json' mode='a' encoding='UTF-8'>
05/25/2020 01:43:42 AM writing tweet to <_io.TextIOWrapper name='tweets.json' mode='a' encoding='UTF-8'>
05/25/2020 01:43:55 AM writing tweet to <_io.TextIOWrapper name='tweets.json' mode='a' encoding='UTF-8'>
05/25/2020 01:44:08 AM writing tweet to <_io.TextIOWrapper name='tweets.json' mode='a' encoding='UTF-8'>
05/25/2020 01:44:09 AM writing tweet to <_io.TextIOWrapper name='tweets.json' mode='a' encoding='UTF-8'>
05/25/2020 01:44:13 AM writing tweet to <_io.TextIOWrapper name='tweets.json' mode='a' encoding='UTF-8'>
05/25/2020 01:44:20 AM writing tweet to <_io.TextIOWrapper name='tweets.json' mode='a' encoding='UTF-8'>
05/25/2020 01:44:22 AM writing tweet to <_io.TextIOWrapper name='tweets.json' mode='a' encoding='UTF-8'>
05/25/2020 01:44:25 AM writing tweet to <_io.TextIOWrapper name='tweets.json' mode='a' encoding='UTF-8'>
05/25/2020 01:44:26 AM writing tweet to <_io.TextIOWrapper name='tweets.json' mode='a' encoding='UTF-8'>
05/25/2020 01:44:36 AM writing tweet to <_io.TextIOWrapper name='tweets.json' mode='a' encoding='UTF-8'>
05/25/2020 01:44:36 AM writing tweet to <_io.TextIOWrapper name='tweets.json' mode='a' encoding='UTF-8'>
05/25/2020 01:44:41 AM writing tweet to <_io.TextIOWrapper name='tweets.json' mode='a' encoding='UTF-8'>
05/25/2020 01:44:42 AM writing tweet to <_io.TextIOWrapper name='tweets.json' mode='a' encoding='UTF-8'>
05/25/2020 01:44:44 AM writing tweet to <_io.TextIOWrapper name='tweets.json' mode='a' encoding='UTF-8'>
05/25/2020 01:44:45 AM writing tweet to <_io.TextIOWrapper name='tweets.json' mode='a' encoding='UTF-8'>
05/25/2020 01:44:49 AM writing tweet to <_io.TextIOWrapper name='tweets.json' mode='a' encoding='UTF-8'>
05/25/2020 01:44:52 AM writing tweet to <_io.TextIOWrapper name='tweets.json' mode='a' encoding='UTF-8'>
05/25/2020 01:45:15 AM writing tweet to <_io.TextIOWrapper name='tweets.json' mode='a' encoding='UTF-8'>
05/25/2020 01:45:20 AM writing tweet to <_io.TextIOWrapper name='tweets.json' mode='a' encoding='UTF-8'>
05/25/2020 01:45:25 AM writing tweet to <_io.TextIOWrapper name='tweets.json' mode='a' encoding='UTF-8'>
05/25/2020 01:45:29 AM writing tweet to <_io.TextIOWrapper name='tweets.json' mode='a' encoding='UTF-8'>
05/25/2020 01:45:42 AM writing tweet to <_io.TextIOWrapper name='tweets.json' mode='a' encoding='UTF-8'>
05/25/2020 01:45:43 AM writing tweet to <_io.TextIOWrapper name='tweets.json' mode='a' encoding='UTF-8'>
05/25/2020 01:45:53 AM writing tweet to <_io.TextIOWrapper name='tweets.json' mode='a' encoding='UTF-8'>
05/25/2020 01:45:56 AM writing tweet to <_io.TextIOWrapper name='tweets.json' mode='a' encoding='UTF-8'>
05/25/2020 01:46:08 AM writing tweet to <_io.TextIOWrapper name='tweets.json' mode='a' encoding='UTF-8'>
05/25/2020 01:46:10 AM writing tweet to <_io.TextIOWrapper name='tweets.json' mode='a' encoding='UTF-8'>
05/25/2020 01:46:14 AM writing tweet to <_io.TextIOWrapper name='tweets.json' mode='a' encoding='UTF-8'>
05/25/2020 01:46:15 AM writing tweet to <_io.TextIOWrapper name='tweets.json' mode='a' encoding='UTF-8'>
05/25/2020 01:46:28 AM writing tweet to <_io.TextIOWrapper name='tweets.json' mode='a' encoding='UTF-8'>
05/25/2020 01:47:03 AM writing tweet to <_io.TextIOWrapper name='tweets.json' mode='a' encoding='UTF-8'>
05/25/2020 01:47:16 AM writing tweet to <_io.TextIOWrapper name='tweets.json' mode='a' encoding='UTF-8'>
05/25/2020 01:47:16 AM writing tweet to <_io.TextIOWrapper name='tweets.json' mode='a' encoding='UTF-8'>
05/25/2020 01:47:18 AM writing tweet to <_io.TextIOWrapper name='tweets.json' mode='a' encoding='UTF-8'>
05/25/2020 01:47:23 AM writing tweet to <_io.TextIOWrapper name='tweets.json' mode='a' encoding='UTF-8'>
05/25/2020 01:47:26 AM writing tweet to <_io.TextIOWrapper name='tweets.json' mode='a' encoding='UTF-8'>
05/25/2020 01:47:27 AM writing tweet to <_io.TextIOWrapper name='tweets.json' mode='a' encoding='UTF-8'>
05/25/2020 01:47:28 AM writing tweet to <_io.TextIOWrapper name='tweets.json' mode='a' encoding='UTF-8'>
05/25/2020 01:48:00 AM writing tweet to <_io.TextIOWrapper name='tweets.json' mode='a' encoding='UTF-8'>
05/25/2020 01:48:01 AM writing tweet to <_io.TextIOWrapper name='tweets.json' mode='a' encoding='UTF-8'>
05/25/2020 01:48:03 AM writing tweet to <_io.TextIOWrapper name='tweets.json' mode='a' encoding='UTF-8'>
05/25/2020 01:48:03 AM writing tweet to <_io.TextIOWrapper name='tweets.json' mode='a' encoding='UTF-8'>
05/25/2020 01:48:05 AM writing tweet to <_io.TextIOWrapper name='tweets.json' mode='a' encoding='UTF-8'>
05/25/2020 01:48:06 AM writing tweet to <_io.TextIOWrapper name='tweets.json' mode='a' encoding='UTF-8'>
05/25/2020 01:48:07 AM writing tweet to <_io.TextIOWrapper name='tweets.json' mode='a' encoding='UTF-8'>
05/25/2020 01:48:08 AM writing tweet to <_io.TextIOWrapper name='tweets.json' mode='a' encoding='UTF-8'>
05/25/2020 01:48:15 AM writing tweet to <_io.TextIOWrapper name='tweets.json' mode='a' encoding='UTF-8'>
05/25/2020 01:48:16 AM writing tweet to <_io.TextIOWrapper name='tweets.json' mode='a' encoding='UTF-8'>
05/25/2020 01:48:19 AM writing tweet to <_io.TextIOWrapper name='tweets.json' mode='a' encoding='UTF-8'>
05/25/2020 01:48:27 AM writing tweet to <_io.TextIOWrapper name='tweets.json' mode='a' encoding='UTF-8'>
05/25/2020 01:48:39 AM writing tweet to <_io.TextIOWrapper name='tweets.json' mode='a' encoding='UTF-8'>
05/25/2020 01:48:45 AM writing tweet to <_io.TextIOWrapper name='tweets.json' mode='a' encoding='UTF-8'>
05/25/2020 01:48:46 AM writing tweet to <_io.TextIOWrapper name='tweets.json' mode='a' encoding='UTF-8'>
05/25/2020 01:48:56 AM writing tweet to <_io.TextIOWrapper name='tweets.json' mode='a' encoding='UTF-8'>
05/25/2020 01:48:56 AM writing tweet to <_io.TextIOWrapper name='tweets.json' mode='a' encoding='UTF-8'>
05/25/2020 01:49:03 AM writing tweet to <_io.TextIOWrapper name='tweets.json' mode='a' encoding='UTF-8'>
05/25/2020 01:49:03 AM writing tweet to <_io.TextIOWrapper name='tweets.json' mode='a' encoding='UTF-8'>
05/25/2020 01:49:06 AM writing tweet to <_io.TextIOWrapper name='tweets.json' mode='a' encoding='UTF-8'>
05/25/2020 01:49:07 AM writing tweet to <_io.TextIOWrapper name='tweets.json' mode='a' encoding='UTF-8'>
05/25/2020 01:49:08 AM writing tweet to <_io.TextIOWrapper name='tweets.json' mode='a' encoding='UTF-8'>
05/25/2020 01:49:11 AM writing tweet to <_io.TextIOWrapper name='tweets.json' mode='a' encoding='UTF-8'>
05/25/2020 01:49:25 AM writing tweet to <_io.TextIOWrapper name='tweets.json' mode='a' encoding='UTF-8'>
05/25/2020 01:49:37 AM writing tweet to <_io.TextIOWrapper name='tweets.json' mode='a' encoding='UTF-8'>
05/25/2020 01:49:59 AM writing tweet to <_io.TextIOWrapper name='tweets.json' mode='a' encoding='UTF-8'>
05/25/2020 01:50:02 AM writing tweet to <_io.TextIOWrapper name='tweets.json' mode='a' encoding='UTF-8'>
05/25/2020 01:50:13 AM writing tweet to <_io.TextIOWrapper name='tweets.json' mode='a' encoding='UTF-8'>
05/25/2020 01:50:14 AM writing tweet to <_io.TextIOWrapper name='tweets.json' mode='a' encoding='UTF-8'>
05/25/2020 01:50:14 AM writing tweet to <_io.TextIOWrapper name='tweets.json' mode='a' encoding='UTF-8'>
05/25/2020 01:50:18 AM writing tweet to <_io.TextIOWrapper name='tweets.json' mode='a' encoding='UTF-8'>
05/25/2020 01:50:21 AM writing tweet to <_io.TextIOWrapper name='tweets.json' mode='a' encoding='UTF-8'>
05/25/2020 01:50:33 AM writing tweet to <_io.TextIOWrapper name='tweets.json' mode='a' encoding='UTF-8'>
05/25/2020 01:50:34 AM writing tweet to <_io.TextIOWrapper name='tweets.json' mode='a' encoding='UTF-8'>
05/25/2020 01:50:50 AM writing tweet to <_io.TextIOWrapper name='tweets.json' mode='a' encoding='UTF-8'>
05/25/2020 01:51:36 AM writing tweet to <_io.TextIOWrapper name='tweets.json' mode='a' encoding='UTF-8'>
05/25/2020 01:52:02 AM writing tweet to <_io.TextIOWrapper name='tweets.json' mode='a' encoding='UTF-8'>
05/25/2020 01:52:06 AM writing tweet to <_io.TextIOWrapper name='tweets.json' mode='a' encoding='UTF-8'>
05/25/2020 01:52:17 AM writing tweet to <_io.TextIOWrapper name='tweets.json' mode='a' encoding='UTF-8'>
05/25/2020 01:52:27 AM writing tweet to <_io.TextIOWrapper name='tweets.json' mode='a' encoding='UTF-8'>
05/25/2020 01:52:29 AM writing tweet to <_io.TextIOWrapper name='tweets.json' mode='a' encoding='UTF-8'>
05/25/2020 01:52:30 AM writing tweet to <_io.TextIOWrapper name='tweets.json' mode='a' encoding='UTF-8'>
05/25/2020 01:52:31 AM writing tweet to <_io.TextIOWrapper name='tweets.json' mode='a' encoding='UTF-8'>
05/25/2020 01:52:33 AM writing tweet to <_io.TextIOWrapper name='tweets.json' mode='a' encoding='UTF-8'>
05/25/2020 01:52:51 AM writing tweet to <_io.TextIOWrapper name='tweets.json' mode='a' encoding='UTF-8'>
05/25/2020 01:52:56 AM writing tweet to <_io.TextIOWrapper name='tweets.json' mode='a' encoding='UTF-8'>
05/25/2020 01:52:57 AM writing tweet to <_io.TextIOWrapper name='tweets.json' mode='a' encoding='UTF-8'>
05/25/2020 01:53:27 AM writing tweet to <_io.TextIOWrapper name='tweets.json' mode='a' encoding='UTF-8'>
05/25/2020 01:53:29 AM writing tweet to <_io.TextIOWrapper name='tweets.json' mode='a' encoding='UTF-8'>
05/25/2020 01:53:29 AM writing tweet to <_io.TextIOWrapper name='tweets.json' mode='a' encoding='UTF-8'>
05/25/2020 01:53:41 AM writing tweet to <_io.TextIOWrapper name='tweets.json' mode='a' encoding='UTF-8'>
05/25/2020 01:53:49 AM writing tweet to <_io.TextIOWrapper name='tweets.json' mode='a' encoding='UTF-8'>
05/25/2020 01:53:50 AM writing tweet to <_io.TextIOWrapper name='tweets.json' mode='a' encoding='UTF-8'>
05/25/2020 01:53:59 AM writing tweet to <_io.TextIOWrapper name='tweets.json' mode='a' encoding='UTF-8'>
05/25/2020 01:54:04 AM writing tweet to <_io.TextIOWrapper name='tweets.json' mode='a' encoding='UTF-8'>
05/25/2020 01:54:15 AM writing tweet to <_io.TextIOWrapper name='tweets.json' mode='a' encoding='UTF-8'>
05/25/2020 01:54:18 AM writing tweet to <_io.TextIOWrapper name='tweets.json' mode='a' encoding='UTF-8'>
05/25/2020 01:54:18 AM writing tweet to <_io.TextIOWrapper name='tweets.json' mode='a' encoding='UTF-8'>
05/25/2020 01:54:20 AM writing tweet to <_io.TextIOWrapper name='tweets.json' mode='a' encoding='UTF-8'>
05/25/2020 01:54:21 AM writing tweet to <_io.TextIOWrapper name='tweets.json' mode='a' encoding='UTF-8'>
05/25/2020 01:54:30 AM writing tweet to <_io.TextIOWrapper name='tweets.json' mode='a' encoding='UTF-8'>
05/25/2020 01:54:32 AM writing tweet to <_io.TextIOWrapper name='tweets.json' mode='a' encoding='UTF-8'>
05/25/2020 01:54:34 AM writing tweet to <_io.TextIOWrapper name='tweets.json' mode='a' encoding='UTF-8'>
05/25/2020 01:54:38 AM writing tweet to <_io.TextIOWrapper name='tweets.json' mode='a' encoding='UTF-8'>
05/25/2020 01:54:40 AM writing tweet to <_io.TextIOWrapper name='tweets.json' mode='a' encoding='UTF-8'>
05/25/2020 01:54:47 AM writing tweet to <_io.TextIOWrapper name='tweets.json' mode='a' encoding='UTF-8'>
05/25/2020 01:54:52 AM writing tweet to <_io.TextIOWrapper name='tweets.json' mode='a' encoding='UTF-8'>
05/25/2020 01:55:04 AM writing tweet to <_io.TextIOWrapper name='tweets.json' mode='a' encoding='UTF-8'>
05/25/2020 01:55:12 AM writing tweet to <_io.TextIOWrapper name='tweets.json' mode='a' encoding='UTF-8'>
05/25/2020 01:55:16 AM writing tweet to <_io.TextIOWrapper name='tweets.json' mode='a' encoding='UTF-8'>
05/25/2020 01:55:16 AM writing tweet to <_io.TextIOWrapper name='tweets.json' mode='a' encoding='UTF-8'>
05/25/2020 01:55:41 AM writing tweet to <_io.TextIOWrapper name='tweets.json' mode='a' encoding='UTF-8'>
05/25/2020 01:55:48 AM writing tweet to <_io.TextIOWrapper name='tweets.json' mode='a' encoding='UTF-8'>
05/25/2020 01:55:51 AM writing tweet to <_io.TextIOWrapper name='tweets.json' mode='a' encoding='UTF-8'>
05/25/2020 01:55:52 AM writing tweet to <_io.TextIOWrapper name='tweets.json' mode='a' encoding='UTF-8'>
05/25/2020 01:55:53 AM writing tweet to <_io.TextIOWrapper name='tweets.json' mode='a' encoding='UTF-8'>
05/25/2020 01:56:01 AM writing tweet to <_io.TextIOWrapper name='tweets.json' mode='a' encoding='UTF-8'>
05/25/2020 01:56:01 AM writing tweet to <_io.TextIOWrapper name='tweets.json' mode='a' encoding='UTF-8'>
05/25/2020 01:56:12 AM writing tweet to <_io.TextIOWrapper name='tweets.json' mode='a' encoding='UTF-8'>
05/25/2020 01:56:12 AM writing tweet to <_io.TextIOWrapper name='tweets.json' mode='a' encoding='UTF-8'>
05/25/2020 01:56:19 AM writing tweet to <_io.TextIOWrapper name='tweets.json' mode='a' encoding='UTF-8'>
05/25/2020 01:56:29 AM writing tweet to <_io.TextIOWrapper name='tweets.json' mode='a' encoding='UTF-8'>
05/25/2020 01:56:33 AM writing tweet to <_io.TextIOWrapper name='tweets.json' mode='a' encoding='UTF-8'>
05/25/2020 01:56:38 AM writing tweet to <_io.TextIOWrapper name='tweets.json' mode='a' encoding='UTF-8'>
05/25/2020 01:56:45 AM writing tweet to <_io.TextIOWrapper name='tweets.json' mode='a' encoding='UTF-8'>
05/25/2020 01:56:54 AM writing tweet to <_io.TextIOWrapper name='tweets.json' mode='a' encoding='UTF-8'>
05/25/2020 01:56:59 AM writing tweet to <_io.TextIOWrapper name='tweets.json' mode='a' encoding='UTF-8'>
05/25/2020 01:57:00 AM writing tweet to <_io.TextIOWrapper name='tweets.json' mode='a' encoding='UTF-8'>
05/25/2020 01:57:10 AM writing tweet to <_io.TextIOWrapper name='tweets.json' mode='a' encoding='UTF-8'>
05/25/2020 01:57:11 AM writing tweet to <_io.TextIOWrapper name='tweets.json' mode='a' encoding='UTF-8'>
05/25/2020 01:57:17 AM writing tweet to <_io.TextIOWrapper name='tweets.json' mode='a' encoding='UTF-8'>
05/25/2020 01:57:22 AM writing tweet to <_io.TextIOWrapper name='tweets.json' mode='a' encoding='UTF-8'>
05/25/2020 01:57:29 AM writing tweet to <_io.TextIOWrapper name='tweets.json' mode='a' encoding='UTF-8'>
05/25/2020 01:57:32 AM writing tweet to <_io.TextIOWrapper name='tweets.json' mode='a' encoding='UTF-8'>
05/25/2020 01:57:43 AM writing tweet to <_io.TextIOWrapper name='tweets.json' mode='a' encoding='UTF-8'>
05/25/2020 01:57:52 AM writing tweet to <_io.TextIOWrapper name='tweets.json' mode='a' encoding='UTF-8'>
05/25/2020 01:57:53 AM writing tweet to <_io.TextIOWrapper name='tweets.json' mode='a' encoding='UTF-8'>
05/25/2020 01:58:14 AM writing tweet to <_io.TextIOWrapper name='tweets.json' mode='a' encoding='UTF-8'>
05/25/2020 01:58:24 AM writing tweet to <_io.TextIOWrapper name='tweets.json' mode='a' encoding='UTF-8'>
05/25/2020 01:58:30 AM writing tweet to <_io.TextIOWrapper name='tweets.json' mode='a' encoding='UTF-8'>
05/25/2020 01:58:49 AM writing tweet to <_io.TextIOWrapper name='tweets.json' mode='a' encoding='UTF-8'>
05/25/2020 01:58:59 AM writing tweet to <_io.TextIOWrapper name='tweets.json' mode='a' encoding='UTF-8'>
05/25/2020 01:59:21 AM writing tweet to <_io.TextIOWrapper name='tweets.json' mode='a' encoding='UTF-8'>
05/25/2020 01:59:43 AM writing tweet to <_io.TextIOWrapper name='tweets.json' mode='a' encoding='UTF-8'>
05/25/2020 01:59:52 AM writing tweet to <_io.TextIOWrapper name='tweets.json' mode='a' encoding='UTF-8'>
05/25/2020 01:59:58 AM writing tweet to <_io.TextIOWrapper name='tweets.json' mode='a' encoding='UTF-8'>
05/25/2020 02:00:03 AM writing tweet to <_io.TextIOWrapper name='tweets.json' mode='a' encoding='UTF-8'>
05/25/2020 02:00:04 AM writing tweet to <_io.TextIOWrapper name='tweets.json' mode='a' encoding='UTF-8'>
05/25/2020 02:00:06 AM writing tweet to <_io.TextIOWrapper name='tweets.json' mode='a' encoding='UTF-8'>
05/25/2020 02:00:08 AM writing tweet to <_io.TextIOWrapper name='tweets.json' mode='a' encoding='UTF-8'>
05/25/2020 02:00:16 AM writing tweet to <_io.TextIOWrapper name='tweets.json' mode='a' encoding='UTF-8'>
05/25/2020 02:00:22 AM writing tweet to <_io.TextIOWrapper name='tweets.json' mode='a' encoding='UTF-8'>
05/25/2020 02:00:30 AM writing tweet to <_io.TextIOWrapper name='tweets.json' mode='a' encoding='UTF-8'>
05/25/2020 02:00:43 AM writing tweet to <_io.TextIOWrapper name='tweets.json' mode='a' encoding='UTF-8'>
05/25/2020 02:00:51 AM writing tweet to <_io.TextIOWrapper name='tweets.json' mode='a' encoding='UTF-8'>
05/25/2020 02:01:04 AM writing tweet to <_io.TextIOWrapper name='tweets.json' mode='a' encoding='UTF-8'>
05/25/2020 02:01:27 AM writing tweet to <_io.TextIOWrapper name='tweets.json' mode='a' encoding='UTF-8'>
