05/27/2020 03:58:00 PM scraping with user SAG
05/27/2020 03:58:00 PM using query @DanielAndrewsMP OR @DanielAndrews OR #DanielAndrews OR DanielAndrewsMP OR #vicpremier 
05/27/2020 03:58:00 PM PARAMS: {'q': b'@DanielAndrewsMP OR @DanielAndrews OR #DanielAndrews OR DanielAndrewsMP OR #vicpremier ', 'count': b'1000', 'include_entities': b'True', 'tweet_mode': b'extended'}
05/27/2020 03:58:00 PM Signing request <PreparedRequest [GET]> using client <Client client_key=n4IgjuZTLvAa9WXpJx7W0skch, client_secret=****, resource_owner_key=1254626494682238976-zT4eMwOCrzd9x1SUdq5y4OXSLsfnpf, resource_owner_secret=****, signature_method=HMAC-SHA1, signature_type=AUTH_HEADER, callback_uri=None, rsa_key=None, verifier=None, realm=None, encoding=utf-8, decoding=None, nonce=None, timestamp=None>
05/27/2020 03:58:00 PM Including body in call to sign: False
05/27/2020 03:58:00 PM Collected params: [('q', '@DanielAndrewsMP OR @DanielAndrews OR #DanielAndrews OR DanielAndrewsMP OR #vicpremier '), ('count', '1000'), ('include_entities', 'True'), ('tweet_mode', 'extended'), ('oauth_nonce', '63169807513779084621590559080'), ('oauth_timestamp', '1590559080'), ('oauth_version', '1.0'), ('oauth_signature_method', 'HMAC-SHA1'), ('oauth_consumer_key', 'n4IgjuZTLvAa9WXpJx7W0skch'), ('oauth_token', '1254626494682238976-zT4eMwOCrzd9x1SUdq5y4OXSLsfnpf')]
05/27/2020 03:58:00 PM Normalized params: count=1000&include_entities=True&oauth_consumer_key=n4IgjuZTLvAa9WXpJx7W0skch&oauth_nonce=63169807513779084621590559080&oauth_signature_method=HMAC-SHA1&oauth_timestamp=1590559080&oauth_token=1254626494682238976-zT4eMwOCrzd9x1SUdq5y4OXSLsfnpf&oauth_version=1.0&q=%40DanielAndrewsMP%20OR%20%40DanielAndrews%20OR%20%23DanielAndrews%20OR%20DanielAndrewsMP%20OR%20%23vicpremier%20&tweet_mode=extended
05/27/2020 03:58:00 PM Normalized URI: https://api.twitter.com/1.1/search/tweets.json
05/27/2020 03:58:00 PM Signing: signature base string: GET&https%3A%2F%2Fapi.twitter.com%2F1.1%2Fsearch%2Ftweets.json&count%3D1000%26include_entities%3DTrue%26oauth_consumer_key%3Dn4IgjuZTLvAa9WXpJx7W0skch%26oauth_nonce%3D63169807513779084621590559080%26oauth_signature_method%3DHMAC-SHA1%26oauth_timestamp%3D1590559080%26oauth_token%3D1254626494682238976-zT4eMwOCrzd9x1SUdq5y4OXSLsfnpf%26oauth_version%3D1.0%26q%3D%2540DanielAndrewsMP%2520OR%2520%2540DanielAndrews%2520OR%2520%2523DanielAndrews%2520OR%2520DanielAndrewsMP%2520OR%2520%2523vicpremier%2520%26tweet_mode%3Dextended
05/27/2020 03:58:00 PM Signature: CwSg7mFnL0OhhUyGuirxU7+mX+M=
05/27/2020 03:58:00 PM Updated url: https://api.twitter.com/1.1/search/tweets.json?q=%40DanielAndrewsMP+OR+%40DanielAndrews+OR+%23DanielAndrews+OR+DanielAndrewsMP+OR+%23vicpremier+&count=1000&include_entities=True&tweet_mode=extended
05/27/2020 03:58:00 PM Updated headers: {'Host': 'api.twitter.com', 'Authorization': 'OAuth oauth_nonce="63169807513779084621590559080", oauth_timestamp="1590559080", oauth_version="1.0", oauth_signature_method="HMAC-SHA1", oauth_consumer_key="n4IgjuZTLvAa9WXpJx7W0skch", oauth_token="1254626494682238976-zT4eMwOCrzd9x1SUdq5y4OXSLsfnpf", oauth_signature="CwSg7mFnL0OhhUyGuirxU7%2BmX%2BM%3D"'}
05/27/2020 03:58:00 PM Updated body: None
05/27/2020 03:58:00 PM Starting new HTTPS connection (1): api.twitter.com:443
05/27/2020 03:58:01 PM https://api.twitter.com:443 "GET /1.1/search/tweets.json?q=%40DanielAndrewsMP+OR+%40DanielAndrews+OR+%23DanielAndrews+OR+DanielAndrewsMP+OR+%23vicpremier+&count=1000&include_entities=True&tweet_mode=extended HTTP/1.1" 200 502621
05/27/2020 03:58:02 PM PARAMS: {'create': b'True'}
05/27/2020 03:58:02 PM saving tweet with id 1265522610542129159
05/27/2020 03:58:02 PM writing tweet to database
05/27/2020 03:58:02 PM exception in extract: 'Status' object has no attribute 'get'
05/27/2020 03:58:02 PM saving tweet with id 1265522593739747335
05/27/2020 03:58:02 PM writing tweet to database
05/27/2020 03:58:02 PM exception in extract: 'Status' object has no attribute 'get'
05/27/2020 03:58:02 PM saving tweet with id 1265522469705846787
05/27/2020 03:58:02 PM writing tweet to database
05/27/2020 03:58:02 PM exception in extract: 'Status' object has no attribute 'get'
05/27/2020 03:58:02 PM saving tweet with id 1265522449858416653
05/27/2020 03:58:02 PM writing tweet to database
05/27/2020 03:58:02 PM exception in extract: 'Status' object has no attribute 'get'
05/27/2020 03:58:02 PM saving tweet with id 1265522384246841345
05/27/2020 03:58:02 PM writing tweet to database
05/27/2020 03:58:02 PM exception in extract: 'Status' object has no attribute 'get'
05/27/2020 03:58:02 PM saving tweet with id 1265522310653632513
05/27/2020 03:58:02 PM writing tweet to database
05/27/2020 03:58:02 PM exception in extract: 'Status' object has no attribute 'get'
05/27/2020 03:58:02 PM saving tweet with id 1265522288901922819
05/27/2020 03:58:02 PM writing tweet to database
05/27/2020 03:58:02 PM exception in extract: 'Status' object has no attribute 'get'
05/27/2020 03:58:02 PM saving tweet with id 1265522242076770305
05/27/2020 03:58:02 PM writing tweet to database
05/27/2020 03:58:02 PM exception in extract: 'Status' object has no attribute 'get'
05/27/2020 03:58:02 PM saving tweet with id 1265522230127198209
05/27/2020 03:58:02 PM writing tweet to database
05/27/2020 03:58:02 PM exception in extract: 'Status' object has no attribute 'get'
05/27/2020 03:58:02 PM saving tweet with id 1265522208111296514
05/27/2020 03:58:02 PM writing tweet to database
05/27/2020 03:58:02 PM exception in extract: 'Status' object has no attribute 'get'
05/27/2020 03:58:02 PM saving tweet with id 1265522202692259840
05/27/2020 03:58:02 PM writing tweet to database
05/27/2020 03:58:02 PM exception in extract: 'Status' object has no attribute 'get'
05/27/2020 03:58:02 PM saving tweet with id 1265522146329210882
05/27/2020 03:58:02 PM writing tweet to database
05/27/2020 03:58:02 PM exception in extract: 'Status' object has no attribute 'get'
05/27/2020 03:58:02 PM saving tweet with id 1265522139823775747
05/27/2020 03:58:02 PM writing tweet to database
05/27/2020 03:58:02 PM exception in extract: 'Status' object has no attribute 'get'
05/27/2020 03:58:02 PM saving tweet with id 1265522076863148032
05/27/2020 03:58:02 PM writing tweet to database
05/27/2020 03:58:02 PM exception in extract: 'Status' object has no attribute 'get'
05/27/2020 03:58:02 PM saving tweet with id 1265521889105108992
05/27/2020 03:58:02 PM writing tweet to database
05/27/2020 03:58:02 PM exception in extract: 'Status' object has no attribute 'get'
05/27/2020 03:58:02 PM saving tweet with id 1265521696037093376
05/27/2020 03:58:02 PM writing tweet to database
05/27/2020 03:58:02 PM exception in extract: 'Status' object has no attribute 'get'
05/27/2020 03:58:02 PM saving tweet with id 1265521626550095880
05/27/2020 03:58:02 PM writing tweet to database
05/27/2020 03:58:02 PM exception in extract: 'Status' object has no attribute 'get'
05/27/2020 03:58:02 PM saving tweet with id 1265521621814689794
05/27/2020 03:58:02 PM writing tweet to database
05/27/2020 03:58:02 PM exception in extract: 'Status' object has no attribute 'get'
05/27/2020 03:58:02 PM saving tweet with id 1265521616328577030
05/27/2020 03:58:02 PM writing tweet to database
05/27/2020 03:58:02 PM exception in extract: 'Status' object has no attribute 'get'
05/27/2020 03:58:02 PM saving tweet with id 1265521408119115777
05/27/2020 03:58:02 PM writing tweet to database
05/27/2020 03:58:02 PM exception in extract: 'Status' object has no attribute 'get'
05/27/2020 03:58:02 PM saving tweet with id 1265521399357210624
05/27/2020 03:58:02 PM writing tweet to database
05/27/2020 03:58:02 PM exception in extract: 'Status' object has no attribute 'get'
05/27/2020 03:58:02 PM saving tweet with id 1265521354029379586
05/27/2020 03:58:02 PM writing tweet to database
05/27/2020 03:58:02 PM exception in extract: 'Status' object has no attribute 'get'
05/27/2020 03:58:02 PM saving tweet with id 1265521286370951168
05/27/2020 03:58:02 PM writing tweet to database
05/27/2020 03:58:02 PM exception in extract: 'Status' object has no attribute 'get'
05/27/2020 03:58:02 PM saving tweet with id 1265521255685468163
05/27/2020 03:58:02 PM writing tweet to database
05/27/2020 03:58:02 PM exception in extract: 'Status' object has no attribute 'get'
05/27/2020 03:58:02 PM saving tweet with id 1265521216544296962
05/27/2020 03:58:02 PM writing tweet to database
05/27/2020 03:58:02 PM exception in extract: 'Status' object has no attribute 'get'
05/27/2020 03:58:02 PM saving tweet with id 1265521166762094592
05/27/2020 03:58:02 PM writing tweet to database
05/27/2020 03:58:02 PM exception in extract: 'Status' object has no attribute 'get'
05/27/2020 03:58:02 PM saving tweet with id 1265521048377856006
05/27/2020 03:58:02 PM writing tweet to database
05/27/2020 03:58:02 PM exception in extract: 'Status' object has no attribute 'get'
05/27/2020 03:58:02 PM saving tweet with id 1265520860435275777
05/27/2020 03:58:02 PM writing tweet to database
05/27/2020 03:58:02 PM exception in extract: 'Status' object has no attribute 'get'
05/27/2020 03:58:02 PM saving tweet with id 1265520822019600386
05/27/2020 03:58:02 PM writing tweet to database
05/27/2020 03:58:02 PM exception in extract: 'Status' object has no attribute 'get'
05/27/2020 03:58:02 PM saving tweet with id 1265520758798811137
05/27/2020 03:58:02 PM writing tweet to database
05/27/2020 03:58:02 PM exception in extract: 'Status' object has no attribute 'get'
05/27/2020 03:58:02 PM saving tweet with id 1265520755602870278
05/27/2020 03:58:02 PM writing tweet to database
05/27/2020 03:58:02 PM exception in extract: 'Status' object has no attribute 'get'
05/27/2020 03:58:02 PM saving tweet with id 1265520674220789760
05/27/2020 03:58:02 PM writing tweet to database
05/27/2020 03:58:02 PM exception in extract: 'Status' object has no attribute 'get'
05/27/2020 03:58:02 PM saving tweet with id 1265520658353618944
05/27/2020 03:58:02 PM writing tweet to database
05/27/2020 03:58:02 PM exception in extract: 'Status' object has no attribute 'get'
05/27/2020 03:58:02 PM saving tweet with id 1265520542599217157
05/27/2020 03:58:02 PM writing tweet to database
05/27/2020 03:58:02 PM exception in extract: 'Status' object has no attribute 'get'
05/27/2020 03:58:02 PM saving tweet with id 1265520335752921088
05/27/2020 03:58:02 PM writing tweet to database
05/27/2020 03:58:02 PM exception in extract: 'Status' object has no attribute 'get'
05/27/2020 03:58:02 PM saving tweet with id 1265520280375570432
05/27/2020 03:58:02 PM writing tweet to database
05/27/2020 03:58:02 PM exception in extract: 'Status' object has no attribute 'get'
05/27/2020 03:58:02 PM saving tweet with id 1265520050750001152
05/27/2020 03:58:02 PM writing tweet to database
05/27/2020 03:58:02 PM exception in extract: 'Status' object has no attribute 'get'
05/27/2020 03:58:02 PM saving tweet with id 1265520042101346311
05/27/2020 03:58:02 PM writing tweet to database
05/27/2020 03:58:02 PM exception in extract: 'Status' object has no attribute 'get'
05/27/2020 03:58:02 PM saving tweet with id 1265520041950351361
05/27/2020 03:58:02 PM writing tweet to database
05/27/2020 03:58:02 PM exception in extract: 'Status' object has no attribute 'get'
05/27/2020 03:58:02 PM saving tweet with id 1265519884634595328
05/27/2020 03:58:02 PM writing tweet to database
05/27/2020 03:58:02 PM exception in extract: 'Status' object has no attribute 'get'
05/27/2020 03:58:02 PM saving tweet with id 1265519471009107968
05/27/2020 03:58:02 PM writing tweet to database
05/27/2020 03:58:02 PM exception in extract: 'Status' object has no attribute 'get'
05/27/2020 03:58:02 PM saving tweet with id 1265519409038319616
05/27/2020 03:58:02 PM writing tweet to database
05/27/2020 03:58:02 PM exception in extract: 'Status' object has no attribute 'get'
05/27/2020 03:58:02 PM saving tweet with id 1265519358937366532
05/27/2020 03:58:02 PM writing tweet to database
05/27/2020 03:58:02 PM exception in extract: 'Status' object has no attribute 'get'
05/27/2020 03:58:02 PM saving tweet with id 1265519239202562055
05/27/2020 03:58:02 PM writing tweet to database
05/27/2020 03:58:02 PM exception in extract: 'Status' object has no attribute 'get'
05/27/2020 03:58:02 PM saving tweet with id 1265519170894073857
05/27/2020 03:58:02 PM writing tweet to database
05/27/2020 03:58:02 PM exception in extract: 'Status' object has no attribute 'get'
05/27/2020 03:58:02 PM saving tweet with id 1265519111469174784
05/27/2020 03:58:02 PM writing tweet to database
05/27/2020 03:58:02 PM exception in extract: 'Status' object has no attribute 'get'
05/27/2020 03:58:02 PM saving tweet with id 1265518957429170178
05/27/2020 03:58:02 PM writing tweet to database
05/27/2020 03:58:02 PM exception in extract: 'Status' object has no attribute 'get'
05/27/2020 03:58:02 PM saving tweet with id 1265518953725661185
05/27/2020 03:58:02 PM writing tweet to database
05/27/2020 03:58:02 PM exception in extract: 'Status' object has no attribute 'get'
05/27/2020 03:58:02 PM saving tweet with id 1265518898620903426
05/27/2020 03:58:02 PM writing tweet to database
05/27/2020 03:58:02 PM exception in extract: 'Status' object has no attribute 'get'
05/27/2020 03:58:02 PM saving tweet with id 1265518894002909185
05/27/2020 03:58:02 PM writing tweet to database
05/27/2020 03:58:02 PM exception in extract: 'Status' object has no attribute 'get'
05/27/2020 03:58:02 PM saving tweet with id 1265518850650583040
05/27/2020 03:58:02 PM writing tweet to database
05/27/2020 03:58:02 PM exception in extract: 'Status' object has no attribute 'get'
05/27/2020 03:58:02 PM saving tweet with id 1265518828320161800
05/27/2020 03:58:02 PM writing tweet to database
05/27/2020 03:58:02 PM exception in extract: 'Status' object has no attribute 'get'
05/27/2020 03:58:02 PM saving tweet with id 1265518734233538563
05/27/2020 03:58:02 PM writing tweet to database
05/27/2020 03:58:02 PM exception in extract: 'Status' object has no attribute 'get'
05/27/2020 03:58:02 PM saving tweet with id 1265518709931638784
05/27/2020 03:58:02 PM writing tweet to database
05/27/2020 03:58:02 PM exception in extract: 'Status' object has no attribute 'get'
05/27/2020 03:58:02 PM saving tweet with id 1265518614800728065
05/27/2020 03:58:02 PM writing tweet to database
05/27/2020 03:58:02 PM exception in extract: 'Status' object has no attribute 'get'
05/27/2020 03:58:02 PM saving tweet with id 1265518548769738753
05/27/2020 03:58:02 PM writing tweet to database
05/27/2020 03:58:02 PM exception in extract: 'Status' object has no attribute 'get'
05/27/2020 03:58:02 PM saving tweet with id 1265518460660056066
05/27/2020 03:58:02 PM writing tweet to database
05/27/2020 03:58:02 PM exception in extract: 'Status' object has no attribute 'get'
05/27/2020 03:58:02 PM saving tweet with id 1265518423397851138
05/27/2020 03:58:02 PM writing tweet to database
05/27/2020 03:58:02 PM exception in extract: 'Status' object has no attribute 'get'
05/27/2020 03:58:02 PM saving tweet with id 1265518376350343174
05/27/2020 03:58:02 PM writing tweet to database
05/27/2020 03:58:02 PM exception in extract: 'Status' object has no attribute 'get'
05/27/2020 03:58:02 PM saving tweet with id 1265518272629407747
05/27/2020 03:58:02 PM writing tweet to database
05/27/2020 03:58:02 PM exception in extract: 'Status' object has no attribute 'get'
05/27/2020 03:58:02 PM saving tweet with id 1265518051535052804
05/27/2020 03:58:02 PM writing tweet to database
05/27/2020 03:58:02 PM exception in extract: 'Status' object has no attribute 'get'
05/27/2020 03:58:02 PM saving tweet with id 1265517856600571916
05/27/2020 03:58:02 PM writing tweet to database
05/27/2020 03:58:02 PM exception in extract: 'Status' object has no attribute 'get'
05/27/2020 03:58:02 PM saving tweet with id 1265517831388647426
05/27/2020 03:58:02 PM writing tweet to database
05/27/2020 03:58:02 PM exception in extract: 'Status' object has no attribute 'get'
05/27/2020 03:58:02 PM saving tweet with id 1265517493864534018
05/27/2020 03:58:02 PM writing tweet to database
05/27/2020 03:58:02 PM exception in extract: 'Status' object has no attribute 'get'
05/27/2020 03:58:02 PM saving tweet with id 1265517457353121792
05/27/2020 03:58:02 PM writing tweet to database
05/27/2020 03:58:02 PM exception in extract: 'Status' object has no attribute 'get'
05/27/2020 03:58:02 PM saving tweet with id 1265517307419295745
05/27/2020 03:58:02 PM writing tweet to database
05/27/2020 03:58:02 PM exception in extract: 'Status' object has no attribute 'get'
05/27/2020 03:58:02 PM saving tweet with id 1265517291766251520
05/27/2020 03:58:02 PM writing tweet to database
05/27/2020 03:58:02 PM exception in extract: 'Status' object has no attribute 'get'
05/27/2020 03:58:02 PM saving tweet with id 1265517245381386240
05/27/2020 03:58:02 PM writing tweet to database
05/27/2020 03:58:02 PM exception in extract: 'Status' object has no attribute 'get'
05/27/2020 03:58:02 PM saving tweet with id 1265516947317428226
05/27/2020 03:58:02 PM writing tweet to database
05/27/2020 03:58:02 PM exception in extract: 'Status' object has no attribute 'get'
05/27/2020 03:58:02 PM saving tweet with id 1265516773765533698
05/27/2020 03:58:02 PM writing tweet to database
05/27/2020 03:58:02 PM exception in extract: 'Status' object has no attribute 'get'
05/27/2020 03:58:02 PM saving tweet with id 1265516647277899776
05/27/2020 03:58:02 PM writing tweet to database
05/27/2020 03:58:02 PM exception in extract: 'Status' object has no attribute 'get'
05/27/2020 03:58:02 PM saving tweet with id 1265516638176231424
05/27/2020 03:58:02 PM writing tweet to database
05/27/2020 03:58:02 PM exception in extract: 'Status' object has no attribute 'get'
05/27/2020 03:58:02 PM saving tweet with id 1265516624356016130
05/27/2020 03:58:02 PM writing tweet to database
05/27/2020 03:58:02 PM exception in extract: 'Status' object has no attribute 'get'
05/27/2020 03:58:02 PM saving tweet with id 1265516617955454976
05/27/2020 03:58:02 PM writing tweet to database
05/27/2020 03:58:02 PM exception in extract: 'Status' object has no attribute 'get'
05/27/2020 03:58:02 PM saving tweet with id 1265516524305031171
05/27/2020 03:58:02 PM writing tweet to database
05/27/2020 03:58:02 PM exception in extract: 'Status' object has no attribute 'get'
05/27/2020 03:58:02 PM saving tweet with id 1265516482965975042
05/27/2020 03:58:02 PM writing tweet to database
05/27/2020 03:58:02 PM exception in extract: 'Status' object has no attribute 'get'
05/27/2020 03:58:02 PM saving tweet with id 1265516438577700866
05/27/2020 03:58:02 PM writing tweet to database
05/27/2020 03:58:02 PM exception in extract: 'Status' object has no attribute 'get'
05/27/2020 03:58:02 PM saving tweet with id 1265516080086355971
05/27/2020 03:58:02 PM writing tweet to database
05/27/2020 03:58:02 PM exception in extract: 'Status' object has no attribute 'get'
05/27/2020 03:58:02 PM saving tweet with id 1265515920459513863
05/27/2020 03:58:02 PM writing tweet to database
05/27/2020 03:58:02 PM exception in extract: 'Status' object has no attribute 'get'
05/27/2020 03:58:02 PM saving tweet with id 1265515918504931329
05/27/2020 03:58:02 PM writing tweet to database
05/27/2020 03:58:02 PM exception in extract: 'Status' object has no attribute 'get'
05/27/2020 03:58:02 PM saving tweet with id 1265515794919821313
05/27/2020 03:58:02 PM writing tweet to database
05/27/2020 03:58:02 PM exception in extract: 'Status' object has no attribute 'get'
05/27/2020 03:58:02 PM saving tweet with id 1265515708680679424
05/27/2020 03:58:02 PM writing tweet to database
05/27/2020 03:58:02 PM exception in extract: 'Status' object has no attribute 'get'
05/27/2020 03:58:02 PM saving tweet with id 1265515518070587394
05/27/2020 03:58:02 PM writing tweet to database
05/27/2020 03:58:02 PM exception in extract: 'Status' object has no attribute 'get'
05/27/2020 03:58:02 PM saving tweet with id 1265515502270590976
05/27/2020 03:58:02 PM writing tweet to database
05/27/2020 03:58:02 PM exception in extract: 'Status' object has no attribute 'get'
05/27/2020 03:58:02 PM saving tweet with id 1265515500588670976
05/27/2020 03:58:02 PM writing tweet to database
05/27/2020 03:58:02 PM exception in extract: 'Status' object has no attribute 'get'
05/27/2020 03:58:02 PM saving tweet with id 1265515371504766978
05/27/2020 03:58:02 PM writing tweet to database
05/27/2020 03:58:02 PM exception in extract: 'Status' object has no attribute 'get'
05/27/2020 03:58:02 PM saving tweet with id 1265515327414325248
05/27/2020 03:58:02 PM writing tweet to database
05/27/2020 03:58:02 PM exception in extract: 'Status' object has no attribute 'get'
05/27/2020 03:58:02 PM saving tweet with id 1265515255687532552
05/27/2020 03:58:02 PM writing tweet to database
05/27/2020 03:58:02 PM exception in extract: 'Status' object has no attribute 'get'
05/27/2020 03:58:02 PM saving tweet with id 1265515231612145670
05/27/2020 03:58:02 PM writing tweet to database
05/27/2020 03:58:02 PM exception in extract: 'Status' object has no attribute 'get'
05/27/2020 03:58:02 PM saving tweet with id 1265515209915015168
05/27/2020 03:58:02 PM writing tweet to database
05/27/2020 03:58:02 PM exception in extract: 'Status' object has no attribute 'get'
05/27/2020 03:58:02 PM saving tweet with id 1265515126188376065
05/27/2020 03:58:02 PM writing tweet to database
05/27/2020 03:58:02 PM exception in extract: 'Status' object has no attribute 'get'
05/27/2020 03:58:02 PM saving tweet with id 1265515111646670851
05/27/2020 03:58:02 PM writing tweet to database
05/27/2020 03:58:02 PM exception in extract: 'Status' object has no attribute 'get'
05/27/2020 03:58:02 PM saving tweet with id 1265515072383848449
05/27/2020 03:58:02 PM writing tweet to database
05/27/2020 03:58:02 PM exception in extract: 'Status' object has no attribute 'get'
05/27/2020 03:58:02 PM saving tweet with id 1265515061721862149
05/27/2020 03:58:02 PM writing tweet to database
05/27/2020 03:58:02 PM exception in extract: 'Status' object has no attribute 'get'
05/27/2020 03:58:02 PM saving tweet with id 1265515027513118721
05/27/2020 03:58:02 PM writing tweet to database
05/27/2020 03:58:02 PM exception in extract: 'Status' object has no attribute 'get'
05/27/2020 03:58:02 PM saving tweet with id 1265514979123441664
05/27/2020 03:58:02 PM writing tweet to database
05/27/2020 03:58:02 PM exception in extract: 'Status' object has no attribute 'get'
05/27/2020 03:58:02 PM saving tweet with id 1265514925855817728
05/27/2020 03:58:02 PM writing tweet to database
05/27/2020 03:58:02 PM exception in extract: 'Status' object has no attribute 'get'
05/27/2020 03:58:02 PM saving tweet with id 1265514894243385345
05/27/2020 03:58:02 PM writing tweet to database
05/27/2020 03:58:02 PM exception in extract: 'Status' object has no attribute 'get'
05/27/2020 03:58:02 PM saving tweet with id 1265514872768520194
05/27/2020 03:58:02 PM writing tweet to database
05/27/2020 03:58:02 PM exception in extract: 'Status' object has no attribute 'get'
05/27/2020 03:58:02 PM saving tweet with id 1265514762030460928
05/27/2020 03:58:02 PM writing tweet to database
05/27/2020 03:58:02 PM exception in extract: 'Status' object has no attribute 'get'
05/27/2020 03:58:02 PM PARAMS: {'max_id': b'1265514762030460927', 'q': b'@DanielAndrewsMP OR @DanielAndrews OR #DanielAndrews OR DanielAndrewsMP OR #vicpremier ', 'count': b'1000', 'include_entities': b'True', 'tweet_mode': b'extended'}
05/27/2020 03:58:02 PM Signing request <PreparedRequest [GET]> using client <Client client_key=n4IgjuZTLvAa9WXpJx7W0skch, client_secret=****, resource_owner_key=1254626494682238976-zT4eMwOCrzd9x1SUdq5y4OXSLsfnpf, resource_owner_secret=****, signature_method=HMAC-SHA1, signature_type=AUTH_HEADER, callback_uri=None, rsa_key=None, verifier=None, realm=None, encoding=utf-8, decoding=None, nonce=None, timestamp=None>
05/27/2020 03:58:02 PM Including body in call to sign: False
05/27/2020 03:58:02 PM Collected params: [('max_id', '1265514762030460927'), ('q', '@DanielAndrewsMP OR @DanielAndrews OR #DanielAndrews OR DanielAndrewsMP OR #vicpremier '), ('count', '1000'), ('include_entities', 'True'), ('tweet_mode', 'extended'), ('oauth_nonce', '86998840712279308911590559082'), ('oauth_timestamp', '1590559082'), ('oauth_version', '1.0'), ('oauth_signature_method', 'HMAC-SHA1'), ('oauth_consumer_key', 'n4IgjuZTLvAa9WXpJx7W0skch'), ('oauth_token', '1254626494682238976-zT4eMwOCrzd9x1SUdq5y4OXSLsfnpf')]
05/27/2020 03:58:02 PM Normalized params: count=1000&include_entities=True&max_id=1265514762030460927&oauth_consumer_key=n4IgjuZTLvAa9WXpJx7W0skch&oauth_nonce=86998840712279308911590559082&oauth_signature_method=HMAC-SHA1&oauth_timestamp=1590559082&oauth_token=1254626494682238976-zT4eMwOCrzd9x1SUdq5y4OXSLsfnpf&oauth_version=1.0&q=%40DanielAndrewsMP%20OR%20%40DanielAndrews%20OR%20%23DanielAndrews%20OR%20DanielAndrewsMP%20OR%20%23vicpremier%20&tweet_mode=extended
05/27/2020 03:58:02 PM Normalized URI: https://api.twitter.com/1.1/search/tweets.json
05/27/2020 03:58:02 PM Signing: signature base string: GET&https%3A%2F%2Fapi.twitter.com%2F1.1%2Fsearch%2Ftweets.json&count%3D1000%26include_entities%3DTrue%26max_id%3D1265514762030460927%26oauth_consumer_key%3Dn4IgjuZTLvAa9WXpJx7W0skch%26oauth_nonce%3D86998840712279308911590559082%26oauth_signature_method%3DHMAC-SHA1%26oauth_timestamp%3D1590559082%26oauth_token%3D1254626494682238976-zT4eMwOCrzd9x1SUdq5y4OXSLsfnpf%26oauth_version%3D1.0%26q%3D%2540DanielAndrewsMP%2520OR%2520%2540DanielAndrews%2520OR%2520%2523DanielAndrews%2520OR%2520DanielAndrewsMP%2520OR%2520%2523vicpremier%2520%26tweet_mode%3Dextended
05/27/2020 03:58:02 PM Signature: hD2XbsQ9xys8fUjogK/tmxKm7SY=
05/27/2020 03:58:02 PM Updated url: https://api.twitter.com/1.1/search/tweets.json?max_id=1265514762030460927&q=%40DanielAndrewsMP+OR+%40DanielAndrews+OR+%23DanielAndrews+OR+DanielAndrewsMP+OR+%23vicpremier+&count=1000&include_entities=True&tweet_mode=extended
05/27/2020 03:58:02 PM Updated headers: {'Host': 'api.twitter.com', 'Cookie': 'guest_id=v1%3A159055908123401828; personalization_id="v1_K81r1sivc51sZRBw0cy3xw=="; lang=en', 'Authorization': 'OAuth oauth_nonce="86998840712279308911590559082", oauth_timestamp="1590559082", oauth_version="1.0", oauth_signature_method="HMAC-SHA1", oauth_consumer_key="n4IgjuZTLvAa9WXpJx7W0skch", oauth_token="1254626494682238976-zT4eMwOCrzd9x1SUdq5y4OXSLsfnpf", oauth_signature="hD2XbsQ9xys8fUjogK%2FtmxKm7SY%3D"'}
05/27/2020 03:58:02 PM Updated body: None
05/27/2020 03:58:02 PM Starting new HTTPS connection (1): api.twitter.com:443
05/27/2020 03:58:03 PM https://api.twitter.com:443 "GET /1.1/search/tweets.json?max_id=1265514762030460927&q=%40DanielAndrewsMP+OR+%40DanielAndrews+OR+%23DanielAndrews+OR+DanielAndrewsMP+OR+%23vicpremier+&count=1000&include_entities=True&tweet_mode=extended HTTP/1.1" 200 513617
